[ 2016-12-25T20:51:52+08:00 ] 127.0.0.1 /Admin/Doc/addOk
ERR: 非法操作:addOk

[ 2016-12-25T20:55:33+08:00 ] 127.0.0.1 /Admin/Doc/addOk
ERR: 非法操作:addOk

[ 2016-12-25T21:04:56+08:00 ] 127.0.0.1 /Admin/Doc/addOk
ERR: Think\Controller:geterror方法不存在！

[ 2016-12-25T22:00:50+08:00 ] 127.0.0.1 /thinkoa/index.php/admin/doc/add
ERR: 无法加载控制器:Thinkoa

[ 2016-12-25T22:01:22+08:00 ] 127.0.0.1 /thinkoa/index.php/admin/doc/add
ERR: 无法加载控制器:Thinkoa

[ 2016-12-25T22:01:23+08:00 ] 127.0.0.1 /thinkoa/index.php/admin/doc/add
ERR: 无法加载控制器:Thinkoa

[ 2016-12-25T22:24:02+08:00 ] 127.0.0.1 /thinkoa/index.php/Admin/Doc/getContent?id=5&_=1482675841938
INFO: [ app_begin ] --START--
INFO: Run Behavior\ReadHtmlCacheBehavior [ RunTime:0.000622s ]
INFO: [ app_begin ] --END-- [ RunTime:0.001004s ]
ERR: 无法加载控制器:Thinkoa

[ 2016-12-25T22:33:28+08:00 ] 127.0.0.1 /Admin/Doc/id=7
ERR: 非法操作:id=7

[ 2016-12-25T22:42:57+08:00 ] 127.0.0.1 /Admin/Doc/addOk
ERR: 1062:Duplicate entry '测试公文666' for key 'doc_title'
 [ SQL语句 ] : INSERT INTO `oa_doc` (`doc_title`,`doc_content`,`doc_author`,`doc_ctime`,`doc_file`) VALUES ('测试公文666','&lt;p&gt;ttt&lt;br/&gt;&lt;/p&gt;','2','2016-12-25 22:42:56','Upload/2016-12-25/585fdaf05d4bf.docx')

[ 2016-12-25T22:45:31+08:00 ] 127.0.0.1 /Admin/Doc/addOk
ERR: 1062:Duplicate entry '测试公文666' for key 'doc_title'
 [ SQL语句 ] : INSERT INTO `oa_doc` (`doc_title`,`doc_content`,`doc_author`,`doc_ctime`,`doc_file`) VALUES ('测试公文666','&lt;p&gt;ttt&lt;br/&gt;&lt;/p&gt;','2','2016-12-25 22:45:30','Upload2016-12-25/585fdb8acdfb9.docx')

[ 2016-12-25T22:57:16+08:00 ] 127.0.0.1 /Admin/Doc/addOk
ERR: 1062:Duplicate entry '测试公文11' for key 'doc_title'
 [ SQL语句 ] : INSERT INTO `oa_doc` (`doc_title`,`doc_content`,`doc_author`,`doc_ctime`,`doc_file`) VALUES ('测试公文11','&lt;p&gt;&lt;br/&gt;324&lt;/p&gt;','2','2016-12-25 22:57:15','./Upload/2016-12-25/585fde4be1cf9.mp3')

[ 2016-12-25T23:25:57+08:00 ] 127.0.0.1 /Public/Common/Idialog/jquery.iDialog.js
ERR: 无法加载控制器:Public

[ 2016-12-25T23:25:59+08:00 ] 127.0.0.1 /Doc/show.html?id=6&_=0.014485286084276572
INFO: [ app_begin ] --START--
INFO: Run Behavior\ReadHtmlCacheBehavior [ RunTime:0.000763s ]
INFO: [ app_begin ] --END-- [ RunTime:0.001254s ]
NOTIC: [2048] Declaration of Admin\Controller\DocController::show() should be compatible with that of Think\Controller::show() E:\tp\application\Admin\Controller\DocController.class.php 第 90 行.
SQL: SELECT `doc_title`,`doc_content` FROM `oa_doc` WHERE `doc_id` = '6' LIMIT 1   [ RunTime:0.0022s ]
INFO: [ app_end ] --START--
INFO: Run Behavior\ShowPageTraceBehavior [ RunTime:0.003504s ]
INFO: [ app_end ] --END-- [ RunTime:0.003795s ]

[ 2016-12-25T23:25:59+08:00 ] 127.0.0.1 /thinkoa/index.php/Admin/Doc/getContent?id=6&_=1482679558581
INFO: [ app_begin ] --START--
INFO: Run Behavior\ReadHtmlCacheBehavior [ RunTime:0.000654s ]
INFO: [ app_begin ] --END-- [ RunTime:0.001088s ]
ERR: 无法加载控制器:Thinkoa

[ 2016-12-25T23:26:25+08:00 ] 127.0.0.1 /Doc/show.html?id=7&_=0.3125005934511047
INFO: [ app_begin ] --START--
INFO: Run Behavior\ReadHtmlCacheBehavior [ RunTime:0.000567s ]
INFO: [ app_begin ] --END-- [ RunTime:0.000897s ]
NOTIC: [2048] Declaration of Admin\Controller\DocController::show() should be compatible with that of Think\Controller::show() E:\tp\application\Admin\Controller\DocController.class.php 第 90 行.
SQL: SELECT `doc_title`,`doc_content` FROM `oa_doc` WHERE `doc_id` = '7' LIMIT 1   [ RunTime:0.0004s ]
INFO: [ app_end ] --START--
INFO: Run Behavior\ShowPageTraceBehavior [ RunTime:0.001016s ]
INFO: [ app_end ] --END-- [ RunTime:0.001106s ]

[ 2016-12-25T23:26:25+08:00 ] 127.0.0.1 /thinkoa/index.php/Admin/Doc/getContent?id=7&_=1482679584853
INFO: [ app_begin ] --START--
INFO: Run Behavior\ReadHtmlCacheBehavior [ RunTime:0.000429s ]
INFO: [ app_begin ] --END-- [ RunTime:0.000725s ]
ERR: 无法加载控制器:Thinkoa

[ 2016-12-25T23:28:47+08:00 ] 127.0.0.1 /Public/Common/Idialog/jquery.iDialog.js
ERR: 无法加载控制器:Public

[ 2016-12-25T23:28:47+08:00 ] 127.0.0.1 /Public/Common/Idialog/jquery.iDialog.js
ERR: 无法加载控制器:Public

[ 2016-12-25T23:28:48+08:00 ] 127.0.0.1 /Doc/show.html?id=7&_=0.14141929021103472
INFO: [ app_begin ] --START--
INFO: Run Behavior\ReadHtmlCacheBehavior [ RunTime:0.000623s ]
INFO: [ app_begin ] --END-- [ RunTime:0.001044s ]
NOTIC: [2048] Declaration of Admin\Controller\DocController::show() should be compatible with that of Think\Controller::show() E:\tp\application\Admin\Controller\DocController.class.php 第 90 行.
SQL: SELECT `doc_title`,`doc_content` FROM `oa_doc` WHERE `doc_id` = '7' LIMIT 1   [ RunTime:0.0006s ]
INFO: [ app_end ] --START--
INFO: Run Behavior\ShowPageTraceBehavior [ RunTime:0.002182s ]
INFO: [ app_end ] --END-- [ RunTime:0.002375s ]

[ 2016-12-25T23:28:48+08:00 ] 127.0.0.1 /thinkoa/index.php/Admin/Doc/getContent?id=7&_=1482679727793
INFO: [ app_begin ] --START--
INFO: Run Behavior\ReadHtmlCacheBehavior [ RunTime:0.000797s ]
INFO: [ app_begin ] --END-- [ RunTime:0.001259s ]
ERR: 无法加载控制器:Thinkoa

[ 2016-12-25T23:28:50+08:00 ] 127.0.0.1 /Doc/show.html?id=10&_=0.9888659533838164
INFO: [ app_begin ] --START--
INFO: Run Behavior\ReadHtmlCacheBehavior [ RunTime:0.000670s ]
INFO: [ app_begin ] --END-- [ RunTime:0.001088s ]
NOTIC: [2048] Declaration of Admin\Controller\DocController::show() should be compatible with that of Think\Controller::show() E:\tp\application\Admin\Controller\DocController.class.php 第 90 行.
SQL: SELECT `doc_title`,`doc_content` FROM `oa_doc` WHERE `doc_id` = '10' LIMIT 1   [ RunTime:0.0035s ]
INFO: [ app_end ] --START--
INFO: Run Behavior\ShowPageTraceBehavior [ RunTime:0.002402s ]
INFO: [ app_end ] --END-- [ RunTime:0.002740s ]

[ 2016-12-25T23:28:50+08:00 ] 127.0.0.1 /thinkoa/index.php/Admin/Doc/getContent?id=10&_=1482679729493
INFO: [ app_begin ] --START--
INFO: Run Behavior\ReadHtmlCacheBehavior [ RunTime:0.000786s ]
INFO: [ app_begin ] --END-- [ RunTime:0.001442s ]
ERR: 无法加载控制器:Thinkoa

[ 2016-12-25T23:32:27+08:00 ] 127.0.0.1 /Doc/show.html?id=11&_=0.05645900480288635
INFO: [ app_begin ] --START--
INFO: Run Behavior\ReadHtmlCacheBehavior [ RunTime:0.000625s ]
INFO: [ app_begin ] --END-- [ RunTime:0.001066s ]
NOTIC: [2048] Declaration of Admin\Controller\DocController::show() should be compatible with that of Think\Controller::show() E:\tp\application\Admin\Controller\DocController.class.php 第 90 行.
SQL: SELECT `doc_title`,`doc_content` FROM `oa_doc` WHERE `doc_id` = '11' LIMIT 1   [ RunTime:0.0027s ]
INFO: [ app_end ] --START--
INFO: Run Behavior\ShowPageTraceBehavior [ RunTime:0.002528s ]
INFO: [ app_end ] --END-- [ RunTime:0.002738s ]

[ 2016-12-25T23:32:27+08:00 ] 127.0.0.1 /thinkoa/index.php/Admin/Doc/getContent?id=11&_=1482679946076
INFO: [ app_begin ] --START--
INFO: Run Behavior\ReadHtmlCacheBehavior [ RunTime:0.000800s ]
INFO: [ app_begin ] --END-- [ RunTime:0.001269s ]
ERR: 无法加载控制器:Thinkoa

[ 2016-12-25T23:32:31+08:00 ] 127.0.0.1 /Doc/show.html?id=8&_=0.2559657605888561
INFO: [ app_begin ] --START--
INFO: Run Behavior\ReadHtmlCacheBehavior [ RunTime:0.000444s ]
INFO: [ app_begin ] --END-- [ RunTime:0.000923s ]
NOTIC: [2048] Declaration of Admin\Controller\DocController::show() should be compatible with that of Think\Controller::show() E:\tp\application\Admin\Controller\DocController.class.php 第 90 行.
SQL: SELECT `doc_title`,`doc_content` FROM `oa_doc` WHERE `doc_id` = '8' LIMIT 1   [ RunTime:0.0007s ]
INFO: [ app_end ] --START--
INFO: Run Behavior\ShowPageTraceBehavior [ RunTime:0.001761s ]
INFO: [ app_end ] --END-- [ RunTime:0.001922s ]

[ 2016-12-25T23:32:31+08:00 ] 127.0.0.1 /thinkoa/index.php/Admin/Doc/getContent?id=8&_=1482679950358
INFO: [ app_begin ] --START--
INFO: Run Behavior\ReadHtmlCacheBehavior [ RunTime:0.000695s ]
INFO: [ app_begin ] --END-- [ RunTime:0.001125s ]
ERR: 无法加载控制器:Thinkoa

[ 2016-12-25T23:32:35+08:00 ] 127.0.0.1 /Doc/show.html?id=13&_=0.24382195314482047
INFO: [ app_begin ] --START--
INFO: Run Behavior\ReadHtmlCacheBehavior [ RunTime:0.000698s ]
INFO: [ app_begin ] --END-- [ RunTime:0.001173s ]
NOTIC: [2048] Declaration of Admin\Controller\DocController::show() should be compatible with that of Think\Controller::show() E:\tp\application\Admin\Controller\DocController.class.php 第 90 行.
SQL: SELECT `doc_title`,`doc_content` FROM `oa_doc` WHERE `doc_id` = '13' LIMIT 1   [ RunTime:0.0005s ]
INFO: [ app_end ] --START--
INFO: Run Behavior\ShowPageTraceBehavior [ RunTime:0.001163s ]
INFO: [ app_end ] --END-- [ RunTime:0.001282s ]

[ 2016-12-25T23:32:35+08:00 ] 127.0.0.1 /thinkoa/index.php/Admin/Doc/getContent?id=13&_=1482679954086
INFO: [ app_begin ] --START--
INFO: Run Behavior\ReadHtmlCacheBehavior [ RunTime:0.000613s ]
INFO: [ app_begin ] --END-- [ RunTime:0.001038s ]
ERR: 无法加载控制器:Thinkoa

[ 2016-12-25T23:33:30+08:00 ] 127.0.0.1 /Doc/show.html?id=13&_=0.03880111796330599
INFO: [ app_begin ] --START--
INFO: Run Behavior\ReadHtmlCacheBehavior [ RunTime:0.000704s ]
INFO: [ app_begin ] --END-- [ RunTime:0.001178s ]
NOTIC: [2048] Declaration of Admin\Controller\DocController::show() should be compatible with that of Think\Controller::show() E:\tp\application\Admin\Controller\DocController.class.php 第 90 行.
SQL: SELECT `doc_title`,`doc_content` FROM `oa_doc` WHERE `doc_id` = '13' LIMIT 1   [ RunTime:0.0007s ]
INFO: [ app_end ] --START--
INFO: Run Behavior\ShowPageTraceBehavior [ RunTime:0.002255s ]
INFO: [ app_end ] --END-- [ RunTime:0.002486s ]

[ 2016-12-25T23:33:30+08:00 ] 127.0.0.1 /thinkoa/index.php/Admin/Doc/getContent?id=13&_=1482680009386
INFO: [ app_begin ] --START--
INFO: Run Behavior\ReadHtmlCacheBehavior [ RunTime:0.000796s ]
INFO: [ app_begin ] --END-- [ RunTime:0.001244s ]
ERR: 无法加载控制器:Thinkoa

[ 2016-12-25T23:33:34+08:00 ] 127.0.0.1 /Doc/show.html?id=9&_=0.13218913149150924
INFO: [ app_begin ] --START--
INFO: Run Behavior\ReadHtmlCacheBehavior [ RunTime:0.000621s ]
INFO: [ app_begin ] --END-- [ RunTime:0.001038s ]
NOTIC: [2048] Declaration of Admin\Controller\DocController::show() should be compatible with that of Think\Controller::show() E:\tp\application\Admin\Controller\DocController.class.php 第 90 行.
SQL: SELECT `doc_title`,`doc_content` FROM `oa_doc` WHERE `doc_id` = '9' LIMIT 1   [ RunTime:0.0006s ]
INFO: [ app_end ] --START--
INFO: Run Behavior\ShowPageTraceBehavior [ RunTime:0.001254s ]
INFO: [ app_end ] --END-- [ RunTime:0.001365s ]

[ 2016-12-25T23:33:34+08:00 ] 127.0.0.1 /thinkoa/index.php/Admin/Doc/getContent?id=9&_=1482680013320
INFO: [ app_begin ] --START--
INFO: Run Behavior\ReadHtmlCacheBehavior [ RunTime:0.000783s ]
INFO: [ app_begin ] --END-- [ RunTime:0.001240s ]
ERR: 无法加载控制器:Thinkoa

[ 2016-12-25T23:34:58+08:00 ] 127.0.0.1 /Doc/show.html?id=6&_=0.96992835046314
INFO: [ app_begin ] --START--
INFO: Run Behavior\ReadHtmlCacheBehavior [ RunTime:0.000623s ]
INFO: [ app_begin ] --END-- [ RunTime:0.001344s ]
NOTIC: [2048] Declaration of Admin\Controller\DocController::show() should be compatible with that of Think\Controller::show() E:\tp\application\Admin\Controller\DocController.class.php 第 90 行.
SQL: SELECT `doc_title`,`doc_content` FROM `oa_doc` WHERE `doc_id` = '6' LIMIT 1   [ RunTime:0.0003s ]
INFO: [ app_end ] --START--
INFO: Run Behavior\ShowPageTraceBehavior [ RunTime:0.001325s ]
INFO: [ app_end ] --END-- [ RunTime:0.001442s ]

[ 2016-12-25T23:34:58+08:00 ] 127.0.0.1 /thinkoa/index.php/Admin/Doc/getContent?id=6&_=1482680097909
INFO: [ app_begin ] --START--
INFO: Run Behavior\ReadHtmlCacheBehavior [ RunTime:0.000491s ]
INFO: [ app_begin ] --END-- [ RunTime:0.000842s ]
ERR: 无法加载控制器:Thinkoa

