[ 2016-12-22T11:53:44+08:00 ] 127.0.0.1 /User/addOk.html
ERR: 1292:Incorrect date value: '' for column 'user_birthday' at row 1
 [ SQL语句 ] : INSERT INTO `oa_user` (`user_name`,`user_nickname`,`user_password`,`user_dept`,`user_sex`,`user_birthday`,`user_tel`,`user_email`,`user_ctime`) VALUES ('123','','64edec6f5051c5486b95487e5b6c3f4c','2','男','','','','2016-12-22 11:53:43')

[ 2016-12-22T12:45:19+08:00 ] 127.0.0.1 /User/addOk.html
ERR: 1062:Duplicate entry '头条' for key 'user_nickname'
 [ SQL语句 ] : INSERT INTO `oa_user` (`user_name`,`user_nickname`,`user_password`,`user_dept`,`user_sex`,`user_birthday`,`user_tel`,`user_email`,`user_ctime`) VALUES ('ww355','头条','3d24b838770ee90773804e8599e549ff','2','女','2016-12-22','15312345689','_dd@qq.com','2016-12-22 12:45:18')

[ 2016-12-22T12:54:42+08:00 ] 127.0.0.1 /Dept/addOk.html
ERR: 1062:Duplicate entry '技术部1' for key 'dept_name'
 [ SQL语句 ] : INSERT INTO `oa_dept` (`dept_name`,`dept_pid`,`dept_level`,`dept_sort`,`dept_remark`,`dept_ctime`) VALUES ('技术部1','2','1','21','来一个','2016-12-22')

[ 2016-12-22T12:54:57+08:00 ] 127.0.0.1 /Dept/addOk.html
ERR: 1062:Duplicate entry '技术部2' for key 'dept_name'
 [ SQL语句 ] : INSERT INTO `oa_dept` (`dept_name`,`dept_pid`,`dept_level`,`dept_sort`,`dept_remark`,`dept_ctime`) VALUES ('技术部2','2','1','22','来一个','2016-12-22')

[ 2016-12-22T14:39:22+08:00 ] 127.0.0.1 /User/addOk.html
ERR: 1054:Unknown column 'admin' in 'where clause'
 [ SQL语句 ] : SELECT * FROM `oa_user` WHERE ( admin ) LIMIT 1  

[ 2016-12-22T15:03:32+08:00 ] 127.0.0.1 /User/addOk.html
ERR: 1292:Incorrect date value: '' for column 'user_birthday' at row 1
 [ SQL语句 ] : INSERT INTO `oa_user` (`user_name`,`user_nickname`,`user_password`,`user_dept`,`user_sex`,`user_birthday`,`user_tel`,`user_email`,`user_ctime`) VALUES ('admin','','d41d8cd98f00b204e9800998ecf8427e','10','男','','','','2016-12-22 15:03:32')

[ 2016-12-22T15:09:16+08:00 ] 127.0.0.1 /User/addOk.html
ERR: 1292:Incorrect date value: '' for column 'user_birthday' at row 1
 [ SQL语句 ] : INSERT INTO `oa_user` (`user_name`,`user_nickname`,`user_password`,`user_dept`,`user_sex`,`user_birthday`,`user_tel`,`user_email`,`user_ctime`) VALUES ('www','','d41d8cd98f00b204e9800998ecf8427e','10','男','','','','2016-12-22 15:09:16')

[ 2016-12-22T15:13:33+08:00 ] 127.0.0.1 /User/addOk.html
ERR: 1292:Incorrect date value: '' for column 'user_birthday' at row 1
 [ SQL语句 ] : INSERT INTO `oa_user` (`user_name`,`user_nickname`,`user_password`,`user_dept`,`user_sex`,`user_birthday`,`user_tel`,`user_email`,`user_ctime`) VALUES ('www','','d41d8cd98f00b204e9800998ecf8427e','10','男','','','','2016-12-22 15:13:33')

[ 2016-12-22T15:17:04+08:00 ] 127.0.0.1 /User/addOk.html
ERR: 1292:Incorrect date value: '' for column 'user_birthday' at row 1
 [ SQL语句 ] : INSERT INTO `oa_user` (`user_name`,`user_nickname`,`user_password`,`user_dept`,`user_sex`,`user_birthday`,`user_tel`,`user_email`,`user_ctime`) VALUES ('www','','d41d8cd98f00b204e9800998ecf8427e','10','男','','','','2016-12-22 15:17:04')

[ 2016-12-22T15:17:10+08:00 ] 127.0.0.1 /User/addOk.html
ERR: 1292:Incorrect date value: '' for column 'user_birthday' at row 1
 [ SQL语句 ] : INSERT INTO `oa_user` (`user_name`,`user_nickname`,`user_password`,`user_dept`,`user_sex`,`user_birthday`,`user_tel`,`user_email`,`user_ctime`) VALUES ('www','','d41d8cd98f00b204e9800998ecf8427e','10','男','','','','2016-12-22 15:17:10')

[ 2016-12-22T15:18:08+08:00 ] 127.0.0.1 /User/addOk.html
ERR: 1292:Incorrect date value: '' for column 'user_birthday' at row 1
 [ SQL语句 ] : INSERT INTO `oa_user` (`user_name`,`user_nickname`,`user_password`,`user_dept`,`user_sex`,`user_birthday`,`user_tel`,`user_email`,`user_ctime`) VALUES ('www','','d41d8cd98f00b204e9800998ecf8427e','10','男','','','','2016-12-22 15:18:08')

[ 2016-12-22T15:21:22+08:00 ] 127.0.0.1 /User/addOk.html
ERR: 1292:Incorrect date value: '' for column 'user_birthday' at row 1
 [ SQL语句 ] : INSERT INTO `oa_user` (`user_name`,`user_nickname`,`user_password`,`user_dept`,`user_sex`,`user_birthday`,`user_tel`,`user_email`,`user_ctime`) VALUES ('admin','','d41d8cd98f00b204e9800998ecf8427e','10','男','','','','2016-12-22 15:21:22')

[ 2016-12-22T15:21:30+08:00 ] 127.0.0.1 /User/addOk.html
ERR: 1292:Incorrect date value: '' for column 'user_birthday' at row 1
 [ SQL语句 ] : INSERT INTO `oa_user` (`user_name`,`user_nickname`,`user_password`,`user_dept`,`user_sex`,`user_birthday`,`user_tel`,`user_email`,`user_ctime`) VALUES ('admin','','d41d8cd98f00b204e9800998ecf8427e','10','男','','','','2016-12-22 15:21:30')

[ 2016-12-22T15:21:53+08:00 ] 127.0.0.1 /User/addOk.html
ERR: 1062:Duplicate entry 'admin' for key 'user_name'
 [ SQL语句 ] : INSERT INTO `oa_user` (`user_name`,`user_nickname`,`user_password`,`user_dept`,`user_sex`,`user_birthday`,`user_tel`,`user_email`,`user_ctime`) VALUES ('admin','','d41d8cd98f00b204e9800998ecf8427e','10','男','2016-11-29','','','2016-12-22 15:21:53')

[ 2016-12-22T15:23:34+08:00 ] 127.0.0.1 /User/addOk.html
ERR: 1062:Duplicate entry '' for key 'user_nickname'
 [ SQL语句 ] : INSERT INTO `oa_user` (`user_name`,`user_nickname`,`user_password`,`user_dept`,`user_sex`,`user_birthday`,`user_tel`,`user_email`,`user_ctime`) VALUES ('wwwt','','d41d8cd98f00b204e9800998ecf8427e','10','男','2016-12-06','','','2016-12-22 15:23:34')

[ 2016-12-22T15:24:34+08:00 ] 127.0.0.1 /User/addOk.html
ERR: 1062:Duplicate entry '' for key 'user_nickname'
 [ SQL语句 ] : INSERT INTO `oa_user` (`user_name`,`user_nickname`,`user_password`,`user_dept`,`user_sex`,`user_birthday`,`user_tel`,`user_email`,`user_ctime`) VALUES ('wwwt','','d41d8cd98f00b204e9800998ecf8427e','10','男','2016-12-06','','','2016-12-22 15:24:34')

[ 2016-12-22T15:24:45+08:00 ] 127.0.0.1 /User/addOk.html
ERR: 1062:Duplicate entry '' for key 'user_nickname'
 [ SQL语句 ] : INSERT INTO `oa_user` (`user_name`,`user_nickname`,`user_password`,`user_dept`,`user_sex`,`user_birthday`,`user_tel`,`user_email`,`user_ctime`) VALUES ('wwwt','','d41d8cd98f00b204e9800998ecf8427e','10','男','2016-12-06','','','2016-12-22 15:24:45')

[ 2016-12-22T15:25:18+08:00 ] 127.0.0.1 /User/addOk.html
ERR: 1062:Duplicate entry '' for key 'user_nickname'
 [ SQL语句 ] : INSERT INTO `oa_user` (`user_name`,`user_nickname`,`user_password`,`user_dept`,`user_sex`,`user_birthday`,`user_tel`,`user_email`,`user_ctime`) VALUES ('wwwt','','d41d8cd98f00b204e9800998ecf8427e','10','男','2016-12-06','','','2016-12-22 15:25:18')

[ 2016-12-22T15:25:24+08:00 ] 127.0.0.1 /User/addOk.html
ERR: 1062:Duplicate entry '' for key 'user_nickname'
 [ SQL语句 ] : INSERT INTO `oa_user` (`user_name`,`user_nickname`,`user_password`,`user_dept`,`user_sex`,`user_birthday`,`user_tel`,`user_email`,`user_ctime`) VALUES ('wwwt','','d41d8cd98f00b204e9800998ecf8427e','10','男','2016-12-06','','','2016-12-22 15:25:24')

[ 2016-12-22T15:28:07+08:00 ] 127.0.0.1 /User/addOk.html
ERR: 1292:Incorrect date value: '' for column 'user_birthday' at row 1
 [ SQL语句 ] : INSERT INTO `oa_user` (`user_name`,`user_nickname`,`user_password`,`user_dept`,`user_sex`,`user_birthday`,`user_tel`,`user_email`,`user_ctime`) VALUES ('aaaaa','','d41d8cd98f00b204e9800998ecf8427e','10','男','','','','2016-12-22 15:28:07')

[ 2016-12-22T15:31:21+08:00 ] 127.0.0.1 /Dept/addOk.html
ERR: 1062:Duplicate entry '技术部' for key 'dept_name'
 [ SQL语句 ] : INSERT INTO `oa_dept` (`dept_name`,`dept_pid`,`dept_level`,`dept_sort`,`dept_remark`,`dept_ctime`) VALUES ('技术部','0','1','1','1','2016-12-22')

[ 2016-12-22T15:39:24+08:00 ] 127.0.0.1 /Dept/addOk.html
ERR: 1062:Duplicate entry '技术部' for key 'dept_name'
 [ SQL语句 ] : INSERT INTO `oa_dept` (`dept_name`,`dept_pid`,`dept_level`,`dept_sort`,`dept_remark`,`dept_ctime`) VALUES ('技术部','0','1','1','1','2016-12-22')

[ 2016-12-22T15:39:31+08:00 ] 127.0.0.1 /Dept/addOk.html
ERR: 1062:Duplicate entry '技术部' for key 'dept_name'
 [ SQL语句 ] : INSERT INTO `oa_dept` (`dept_name`,`dept_pid`,`dept_level`,`dept_sort`,`dept_remark`,`dept_ctime`) VALUES ('技术部','0','1','1','1','2016-12-22')

[ 2016-12-22T15:39:53+08:00 ] 127.0.0.1 /Dept/addOk.html
ERR: 1062:Duplicate entry '技术部5' for key 'dept_name'
 [ SQL语句 ] : INSERT INTO `oa_dept` (`dept_name`,`dept_pid`,`dept_level`,`dept_sort`,`dept_remark`,`dept_ctime`) VALUES ('技术部5','0','1','1','1','2016-12-22')

[ 2016-12-22T15:40:02+08:00 ] 127.0.0.1 /Dept/addOk.html
ERR: 1062:Duplicate entry '技术部5' for key 'dept_name'
 [ SQL语句 ] : INSERT INTO `oa_dept` (`dept_name`,`dept_pid`,`dept_level`,`dept_sort`,`dept_remark`,`dept_ctime`) VALUES ('技术部5','0','1','14','1','2016-12-22')

[ 2016-12-22T15:40:48+08:00 ] 127.0.0.1 /Dept/addOk.html
ERR: 1062:Duplicate entry '技术部5' for key 'dept_name'
 [ SQL语句 ] : INSERT INTO `oa_dept` (`dept_name`,`dept_pid`,`dept_level`,`dept_sort`,`dept_remark`,`dept_ctime`) VALUES ('技术部5','0','1','14','1','2016-12-22')

[ 2016-12-22T15:40:52+08:00 ] 127.0.0.1 /Dept/addOk.html
ERR: 1062:Duplicate entry '技术部5' for key 'dept_name'
 [ SQL语句 ] : INSERT INTO `oa_dept` (`dept_name`,`dept_pid`,`dept_level`,`dept_sort`,`dept_remark`,`dept_ctime`) VALUES ('技术部5','0','1','14','1','2016-12-22')

[ 2016-12-22T15:41:04+08:00 ] 127.0.0.1 /Dept/addOk.html
ERR: 1062:Duplicate entry '技术部5' for key 'dept_name'
 [ SQL语句 ] : INSERT INTO `oa_dept` (`dept_name`,`dept_pid`,`dept_level`,`dept_sort`,`dept_remark`,`dept_ctime`) VALUES ('技术部5','0','1','14','1','2016-12-22')

[ 2016-12-22T17:41:01+08:00 ] 127.0.0.1 /Dept/getConment.html
INFO: [ app_begin ] --START--
INFO: Run Behavior\ReadHtmlCacheBehavior [ RunTime:0.000398s ]
INFO: [ app_begin ] --END-- [ RunTime:0.000678s ]
ERR: 非法操作:getConment

[ 2016-12-22T17:41:03+08:00 ] 127.0.0.1 /Dept/getConment.html
INFO: [ app_begin ] --START--
INFO: Run Behavior\ReadHtmlCacheBehavior [ RunTime:0.000666s ]
INFO: [ app_begin ] --END-- [ RunTime:0.001139s ]
ERR: 非法操作:getConment

[ 2016-12-22T17:41:04+08:00 ] 127.0.0.1 /Dept/getConment.html
INFO: [ app_begin ] --START--
INFO: Run Behavior\ReadHtmlCacheBehavior [ RunTime:0.001271s ]
INFO: [ app_begin ] --END-- [ RunTime:0.001935s ]
ERR: 非法操作:getConment

[ 2016-12-22T17:41:07+08:00 ] 127.0.0.1 /Dept/getConment.html
INFO: [ app_begin ] --START--
INFO: Run Behavior\ReadHtmlCacheBehavior [ RunTime:0.000372s ]
INFO: [ app_begin ] --END-- [ RunTime:0.000624s ]
ERR: 非法操作:getConment

[ 2016-12-22T17:45:33+08:00 ] 127.0.0.1 /Dept/getConment.html
INFO: [ app_begin ] --START--
INFO: Run Behavior\ReadHtmlCacheBehavior [ RunTime:0.000414s ]
INFO: [ app_begin ] --END-- [ RunTime:0.000714s ]
ERR: 非法操作:getConment

[ 2016-12-22T17:45:35+08:00 ] 127.0.0.1 /Dept/getConment.html
INFO: [ app_begin ] --START--
INFO: Run Behavior\ReadHtmlCacheBehavior [ RunTime:0.000602s ]
INFO: [ app_begin ] --END-- [ RunTime:0.001020s ]
ERR: 非法操作:getConment

[ 2016-12-22T17:45:36+08:00 ] 127.0.0.1 /Dept/getConment.html
INFO: [ app_begin ] --START--
INFO: Run Behavior\ReadHtmlCacheBehavior [ RunTime:0.000658s ]
INFO: [ app_begin ] --END-- [ RunTime:0.001126s ]
ERR: 非法操作:getConment

[ 2016-12-22T17:45:37+08:00 ] 127.0.0.1 /Dept/getConment.html
INFO: [ app_begin ] --START--
INFO: Run Behavior\ReadHtmlCacheBehavior [ RunTime:0.000597s ]
INFO: [ app_begin ] --END-- [ RunTime:0.001007s ]
ERR: 非法操作:getConment

[ 2016-12-22T17:45:38+08:00 ] 127.0.0.1 /Dept/getConment.html
INFO: [ app_begin ] --START--
INFO: Run Behavior\ReadHtmlCacheBehavior [ RunTime:0.000491s ]
INFO: [ app_begin ] --END-- [ RunTime:0.000819s ]
ERR: 非法操作:getConment

[ 2016-12-22T18:04:07+08:00 ] 127.0.0.1 /dept/
ERR: Think\Controller:assgin方法不存在！

[ 2016-12-22T18:04:41+08:00 ] 127.0.0.1 /dept/
ERR: Think\Controller:assgin方法不存在！

[ 2016-12-22T18:07:24+08:00 ] 127.0.0.1 /Dept/index.html
INFO: [ app_begin ] --START--
INFO: Run Behavior\ReadHtmlCacheBehavior [ RunTime:0.000377s ]
INFO: [ app_begin ] --END-- [ RunTime:0.000661s ]
SQL: SELECT d1.dept_id,d1.dept_name,d1.dept_pid,d2.dept_name name,d1.dept_sort,d1.dept_remark,d1.dept_level FROM oa_dept d1 left join oa_dept d2 on d1.dept_pid=d2.dept_id  LIMIT 0,1   [ RunTime:0.0006s ]
SQL: SELECT COUNT(*) AS tp_count FROM `oa_dept` LIMIT 1   [ RunTime:0.0004s ]
NOTIC: [8] Undefined variable: pagesiez E:\tp\application\Admin\Controller\DeptController.class.php 第 35 行.
NOTIC: [2] Division by zero E:\tp\ThinkPHP\Library\Think\Page.class.php 第 84 行.
INFO: [ view_parse ] --START--
INFO: [ template_filter ] --START--
INFO: Run Behavior\ContentReplaceBehavior [ RunTime:0.000288s ]
INFO: [ template_filter ] --END-- [ RunTime:0.000503s ]
INFO: Run Behavior\ParseTemplateBehavior [ RunTime:0.025431s ]
INFO: [ view_parse ] --END-- [ RunTime:0.025674s ]
INFO: [ view_filter ] --START--
INFO: Run Behavior\WriteHtmlCacheBehavior [ RunTime:0.001547s ]
INFO: [ view_filter ] --END-- [ RunTime:0.001737s ]
INFO: [ app_end ] --START--
INFO: Run Behavior\ShowPageTraceBehavior [ RunTime:0.001425s ]
INFO: [ app_end ] --END-- [ RunTime:0.001585s ]

[ 2016-12-22T18:07:25+08:00 ] 127.0.0.1 /Dept/index.html
INFO: [ app_begin ] --START--
INFO: Run Behavior\ReadHtmlCacheBehavior [ RunTime:0.000586s ]
INFO: [ app_begin ] --END-- [ RunTime:0.000968s ]
SQL: SELECT d1.dept_id,d1.dept_name,d1.dept_pid,d2.dept_name name,d1.dept_sort,d1.dept_remark,d1.dept_level FROM oa_dept d1 left join oa_dept d2 on d1.dept_pid=d2.dept_id  LIMIT 0,1   [ RunTime:0.0007s ]
SQL: SELECT COUNT(*) AS tp_count FROM `oa_dept` LIMIT 1   [ RunTime:0.0004s ]
NOTIC: [8] Undefined variable: pagesiez E:\tp\application\Admin\Controller\DeptController.class.php 第 35 行.
NOTIC: [2] Division by zero E:\tp\ThinkPHP\Library\Think\Page.class.php 第 84 行.
INFO: [ view_parse ] --START--
INFO: [ template_filter ] --START--
INFO: Run Behavior\ContentReplaceBehavior [ RunTime:0.000311s ]
INFO: [ template_filter ] --END-- [ RunTime:0.000512s ]
INFO: Run Behavior\ParseTemplateBehavior [ RunTime:0.027429s ]
INFO: [ view_parse ] --END-- [ RunTime:0.027642s ]
INFO: [ view_filter ] --START--
INFO: Run Behavior\WriteHtmlCacheBehavior [ RunTime:0.001139s ]
INFO: [ view_filter ] --END-- [ RunTime:0.001301s ]
INFO: [ app_end ] --START--
INFO: Run Behavior\ShowPageTraceBehavior [ RunTime:0.002437s ]
INFO: [ app_end ] --END-- [ RunTime:0.002627s ]

[ 2016-12-22T18:12:21+08:00 ] 127.0.0.1 /Dept/index.html
INFO: [ app_begin ] --START--
INFO: Run Behavior\ReadHtmlCacheBehavior [ RunTime:0.000473s ]
INFO: [ app_begin ] --END-- [ RunTime:0.000778s ]
SQL: SELECT d1.dept_id,d1.dept_name,d1.dept_pid,d2.dept_name name,d1.dept_sort,d1.dept_remark,d1.dept_level FROM oa_dept d1 left join oa_dept d2 on d1.dept_pid=d2.dept_id  LIMIT 3,1   [ RunTime:0.0014s ]
SQL: SELECT COUNT(*) AS tp_count FROM `oa_dept` LIMIT 1   [ RunTime:0.0005s ]
NOTIC: [8] Undefined variable: pagesiez E:\tp\application\Admin\Controller\DeptController.class.php 第 35 行.
NOTIC: [2] Division by zero E:\tp\ThinkPHP\Library\Think\Page.class.php 第 84 行.
INFO: [ view_parse ] --START--
INFO: [ template_filter ] --START--
INFO: Run Behavior\ContentReplaceBehavior [ RunTime:0.000142s ]
INFO: [ template_filter ] --END-- [ RunTime:0.000250s ]
INFO: Run Behavior\ParseTemplateBehavior [ RunTime:0.021574s ]
INFO: [ view_parse ] --END-- [ RunTime:0.021723s ]
INFO: [ view_filter ] --START--
INFO: Run Behavior\WriteHtmlCacheBehavior [ RunTime:0.000487s ]
INFO: [ view_filter ] --END-- [ RunTime:0.000656s ]
INFO: [ app_end ] --START--
INFO: Run Behavior\ShowPageTraceBehavior [ RunTime:0.000931s ]
INFO: [ app_end ] --END-- [ RunTime:0.001025s ]

[ 2016-12-22T18:12:23+08:00 ] 127.0.0.1 /Dept/index.html
INFO: [ app_begin ] --START--
INFO: Run Behavior\ReadHtmlCacheBehavior [ RunTime:0.000403s ]
INFO: [ app_begin ] --END-- [ RunTime:0.000696s ]
SQL: SELECT d1.dept_id,d1.dept_name,d1.dept_pid,d2.dept_name name,d1.dept_sort,d1.dept_remark,d1.dept_level FROM oa_dept d1 left join oa_dept d2 on d1.dept_pid=d2.dept_id  LIMIT 4,1   [ RunTime:0.0012s ]
SQL: SELECT COUNT(*) AS tp_count FROM `oa_dept` LIMIT 1   [ RunTime:0.0006s ]
NOTIC: [8] Undefined variable: pagesiez E:\tp\application\Admin\Controller\DeptController.class.php 第 35 行.
NOTIC: [2] Division by zero E:\tp\ThinkPHP\Library\Think\Page.class.php 第 84 行.
INFO: [ view_parse ] --START--
INFO: [ template_filter ] --START--
INFO: Run Behavior\ContentReplaceBehavior [ RunTime:0.000222s ]
INFO: [ template_filter ] --END-- [ RunTime:0.000386s ]
INFO: Run Behavior\ParseTemplateBehavior [ RunTime:0.019625s ]
INFO: [ view_parse ] --END-- [ RunTime:0.019801s ]
INFO: [ view_filter ] --START--
INFO: Run Behavior\WriteHtmlCacheBehavior [ RunTime:0.000580s ]
INFO: [ view_filter ] --END-- [ RunTime:0.000717s ]
INFO: [ app_end ] --START--
INFO: Run Behavior\ShowPageTraceBehavior [ RunTime:0.001259s ]
INFO: [ app_end ] --END-- [ RunTime:0.001405s ]

[ 2016-12-22T18:12:24+08:00 ] 127.0.0.1 /Dept/index.html
INFO: [ app_begin ] --START--
INFO: Run Behavior\ReadHtmlCacheBehavior [ RunTime:0.000715s ]
INFO: [ app_begin ] --END-- [ RunTime:0.001167s ]
SQL: SELECT d1.dept_id,d1.dept_name,d1.dept_pid,d2.dept_name name,d1.dept_sort,d1.dept_remark,d1.dept_level FROM oa_dept d1 left join oa_dept d2 on d1.dept_pid=d2.dept_id  LIMIT 3,1   [ RunTime:0.0005s ]
SQL: SELECT COUNT(*) AS tp_count FROM `oa_dept` LIMIT 1   [ RunTime:0.0004s ]
NOTIC: [8] Undefined variable: pagesiez E:\tp\application\Admin\Controller\DeptController.class.php 第 35 行.
NOTIC: [2] Division by zero E:\tp\ThinkPHP\Library\Think\Page.class.php 第 84 行.
INFO: [ view_parse ] --START--
INFO: [ template_filter ] --START--
INFO: Run Behavior\ContentReplaceBehavior [ RunTime:0.000158s ]
INFO: [ template_filter ] --END-- [ RunTime:0.000269s ]
INFO: Run Behavior\ParseTemplateBehavior [ RunTime:0.015001s ]
INFO: [ view_parse ] --END-- [ RunTime:0.015132s ]
INFO: [ view_filter ] --START--
INFO: Run Behavior\WriteHtmlCacheBehavior [ RunTime:0.000729s ]
INFO: [ view_filter ] --END-- [ RunTime:0.000830s ]
INFO: [ app_end ] --START--
INFO: Run Behavior\ShowPageTraceBehavior [ RunTime:0.001205s ]
INFO: [ app_end ] --END-- [ RunTime:0.001315s ]

[ 2016-12-22T18:27:55+08:00 ] 127.0.0.1 /Dept/getConment.html
INFO: [ app_begin ] --START--
INFO: Run Behavior\ReadHtmlCacheBehavior [ RunTime:0.000407s ]
INFO: [ app_begin ] --END-- [ RunTime:0.000699s ]
ERR: 非法操作:getConment

[ 2016-12-22T18:27:57+08:00 ] 127.0.0.1 /Dept/getConment.html
INFO: [ app_begin ] --START--
INFO: Run Behavior\ReadHtmlCacheBehavior [ RunTime:0.000614s ]
INFO: [ app_begin ] --END-- [ RunTime:0.001020s ]
ERR: 非法操作:getConment

[ 2016-12-22T18:27:57+08:00 ] 127.0.0.1 /Dept/getConment.html
INFO: [ app_begin ] --START--
INFO: Run Behavior\ReadHtmlCacheBehavior [ RunTime:0.000593s ]
INFO: [ app_begin ] --END-- [ RunTime:0.001147s ]
ERR: 非法操作:getConment

[ 2016-12-22T19:30:29+08:00 ] 127.0.0.1 /User/index/p/(:U('getcontent')
INFO: [ app_begin ] --START--
INFO: Run Behavior\ReadHtmlCacheBehavior [ RunTime:0.000598s ]
INFO: [ app_begin ] --END-- [ RunTime:0.001064s ]
SQL: SELECT * FROM `oa_user` LIMIT 0,1   [ RunTime:0.0002s ]
SQL: SELECT COUNT(*) AS tp_count FROM `oa_user` LIMIT 1   [ RunTime:0.0002s ]
INFO: [ view_parse ] --START--
INFO: [ template_filter ] --START--
INFO: Run Behavior\ContentReplaceBehavior [ RunTime:0.000081s ]
INFO: [ template_filter ] --END-- [ RunTime:0.000144s ]
NOTIC: [8] Undefined variable: pagesize E:\tp\application\Runtime\Cache\Admin\6899632fbb48cba253816c451e300c29.php 第 102 行.
INFO: Run Behavior\ParseTemplateBehavior [ RunTime:0.007754s ]
INFO: [ view_parse ] --END-- [ RunTime:0.007814s ]
INFO: [ view_filter ] --START--
INFO: Run Behavior\WriteHtmlCacheBehavior [ RunTime:0.000342s ]
INFO: [ view_filter ] --END-- [ RunTime:0.000387s ]
INFO: [ app_end ] --START--
INFO: Run Behavior\ShowPageTraceBehavior [ RunTime:0.000538s ]
INFO: [ app_end ] --END-- [ RunTime:0.000588s ]

[ 2016-12-22T19:30:31+08:00 ] 127.0.0.1 /User/index/p/(:U('getcontent')
INFO: [ app_begin ] --START--
INFO: Run Behavior\ReadHtmlCacheBehavior [ RunTime:0.000860s ]
INFO: [ app_begin ] --END-- [ RunTime:0.001583s ]
SQL: SELECT * FROM `oa_user` LIMIT 0,1   [ RunTime:0.0003s ]
SQL: SELECT COUNT(*) AS tp_count FROM `oa_user` LIMIT 1   [ RunTime:0.0002s ]
INFO: [ view_parse ] --START--
INFO: [ template_filter ] --START--
INFO: Run Behavior\ContentReplaceBehavior [ RunTime:0.000081s ]
INFO: [ template_filter ] --END-- [ RunTime:0.000147s ]
NOTIC: [8] Undefined variable: pagesize E:\tp\application\Runtime\Cache\Admin\6899632fbb48cba253816c451e300c29.php 第 102 行.
INFO: Run Behavior\ParseTemplateBehavior [ RunTime:0.007927s ]
INFO: [ view_parse ] --END-- [ RunTime:0.007991s ]
INFO: [ view_filter ] --START--
INFO: Run Behavior\WriteHtmlCacheBehavior [ RunTime:0.000336s ]
INFO: [ view_filter ] --END-- [ RunTime:0.000386s ]
INFO: [ app_end ] --START--
INFO: Run Behavior\ShowPageTraceBehavior [ RunTime:0.000563s ]
INFO: [ app_end ] --END-- [ RunTime:0.000616s ]

[ 2016-12-22T19:30:32+08:00 ] 127.0.0.1 /User/index/p/(:U('getcontent')
INFO: [ app_begin ] --START--
INFO: Run Behavior\ReadHtmlCacheBehavior [ RunTime:0.000803s ]
INFO: [ app_begin ] --END-- [ RunTime:0.001615s ]
SQL: SELECT * FROM `oa_user` LIMIT 0,1   [ RunTime:0.0008s ]
SQL: SELECT COUNT(*) AS tp_count FROM `oa_user` LIMIT 1   [ RunTime:0.0005s ]
INFO: [ view_parse ] --START--
INFO: [ template_filter ] --START--
INFO: Run Behavior\ContentReplaceBehavior [ RunTime:0.000272s ]
INFO: [ template_filter ] --END-- [ RunTime:0.000465s ]
NOTIC: [8] Undefined variable: pagesize E:\tp\application\Runtime\Cache\Admin\6899632fbb48cba253816c451e300c29.php 第 102 行.
INFO: Run Behavior\ParseTemplateBehavior [ RunTime:0.027097s ]
INFO: [ view_parse ] --END-- [ RunTime:0.027288s ]
INFO: [ view_filter ] --START--
INFO: Run Behavior\WriteHtmlCacheBehavior [ RunTime:0.001074s ]
INFO: [ view_filter ] --END-- [ RunTime:0.001238s ]
INFO: [ app_end ] --START--
INFO: Run Behavior\ShowPageTraceBehavior [ RunTime:0.001946s ]
INFO: [ app_end ] --END-- [ RunTime:0.002119s ]

[ 2016-12-22T19:30:34+08:00 ] 127.0.0.1 /User/index/p/(:U('getcontent')
INFO: [ app_begin ] --START--
INFO: Run Behavior\ReadHtmlCacheBehavior [ RunTime:0.000373s ]
INFO: [ app_begin ] --END-- [ RunTime:0.000688s ]
SQL: SELECT * FROM `oa_user` LIMIT 0,1   [ RunTime:0.0007s ]
SQL: SELECT COUNT(*) AS tp_count FROM `oa_user` LIMIT 1   [ RunTime:0.0005s ]
INFO: [ view_parse ] --START--
INFO: [ template_filter ] --START--
INFO: Run Behavior\ContentReplaceBehavior [ RunTime:0.000126s ]
INFO: [ template_filter ] --END-- [ RunTime:0.000221s ]
NOTIC: [8] Undefined variable: pagesize E:\tp\application\Runtime\Cache\Admin\6899632fbb48cba253816c451e300c29.php 第 102 行.
INFO: Run Behavior\ParseTemplateBehavior [ RunTime:0.024792s ]
INFO: [ view_parse ] --END-- [ RunTime:0.024922s ]
INFO: [ view_filter ] --START--
INFO: Run Behavior\WriteHtmlCacheBehavior [ RunTime:0.000483s ]
INFO: [ view_filter ] --END-- [ RunTime:0.000555s ]
INFO: [ app_end ] --START--
INFO: Run Behavior\ShowPageTraceBehavior [ RunTime:0.000853s ]
INFO: [ app_end ] --END-- [ RunTime:0.000930s ]

[ 2016-12-22T19:31:44+08:00 ] 127.0.0.1 /User/getContent.html
INFO: [ app_begin ] --START--
INFO: Run Behavior\ReadHtmlCacheBehavior [ RunTime:0.000714s ]
INFO: [ app_begin ] --END-- [ RunTime:0.001175s ]
INFO: [ app_end ] --START--
INFO: Run Behavior\ShowPageTraceBehavior [ RunTime:0.000680s ]
INFO: [ app_end ] --END-- [ RunTime:0.000768s ]

[ 2016-12-22T19:31:45+08:00 ] 127.0.0.1 /User/getContent.html
INFO: [ app_begin ] --START--
INFO: Run Behavior\ReadHtmlCacheBehavior [ RunTime:0.000590s ]
INFO: [ app_begin ] --END-- [ RunTime:0.001004s ]
INFO: [ app_end ] --START--
INFO: Run Behavior\ShowPageTraceBehavior [ RunTime:0.000595s ]
INFO: [ app_end ] --END-- [ RunTime:0.000674s ]

[ 2016-12-22T19:31:47+08:00 ] 127.0.0.1 /User/getContent.html
INFO: [ app_begin ] --START--
INFO: Run Behavior\ReadHtmlCacheBehavior [ RunTime:0.000418s ]
INFO: [ app_begin ] --END-- [ RunTime:0.000732s ]
INFO: [ app_end ] --START--
INFO: Run Behavior\ShowPageTraceBehavior [ RunTime:0.000385s ]
INFO: [ app_end ] --END-- [ RunTime:0.000445s ]

[ 2016-12-22T19:32:10+08:00 ] 127.0.0.1 /User/getContent.html
INFO: [ app_begin ] --START--
INFO: Run Behavior\ReadHtmlCacheBehavior [ RunTime:0.000592s ]
INFO: [ app_begin ] --END-- [ RunTime:0.001004s ]
INFO: [ app_end ] --START--
INFO: Run Behavior\ShowPageTraceBehavior [ RunTime:0.000596s ]
INFO: [ app_end ] --END-- [ RunTime:0.000676s ]

[ 2016-12-22T19:32:12+08:00 ] 127.0.0.1 /User/getContent.html
INFO: [ app_begin ] --START--
INFO: Run Behavior\ReadHtmlCacheBehavior [ RunTime:0.000594s ]
INFO: [ app_begin ] --END-- [ RunTime:0.001013s ]
INFO: [ app_end ] --START--
INFO: Run Behavior\ShowPageTraceBehavior [ RunTime:0.000896s ]
INFO: [ app_end ] --END-- [ RunTime:0.000987s ]

[ 2016-12-22T19:34:31+08:00 ] 127.0.0.1 /User/getContent.html
INFO: [ app_begin ] --START--
INFO: Run Behavior\ReadHtmlCacheBehavior [ RunTime:0.000378s ]
INFO: [ app_begin ] --END-- [ RunTime:0.000657s ]
INFO: [ app_end ] --START--
INFO: Run Behavior\ShowPageTraceBehavior [ RunTime:0.000422s ]
INFO: [ app_end ] --END-- [ RunTime:0.000480s ]

[ 2016-12-22T19:34:33+08:00 ] 127.0.0.1 /User/getContent.html
INFO: [ app_begin ] --START--
INFO: Run Behavior\ReadHtmlCacheBehavior [ RunTime:0.000674s ]
INFO: [ app_begin ] --END-- [ RunTime:0.001160s ]
INFO: [ app_end ] --START--
INFO: Run Behavior\ShowPageTraceBehavior [ RunTime:0.000668s ]
INFO: [ app_end ] --END-- [ RunTime:0.000755s ]

[ 2016-12-22T19:48:33+08:00 ] 127.0.0.1 /User/getContent.html
INFO: [ app_begin ] --START--
INFO: Run Behavior\ReadHtmlCacheBehavior [ RunTime:0.000611s ]
INFO: [ app_begin ] --END-- [ RunTime:0.001104s ]
SQL: SELECT * FROM `oa_user` LIMIT 1,1   [ RunTime:0.0003s ]
ERR: 模板不存在:./application/Admin/View/User/getContent.html

[ 2016-12-22T19:48:34+08:00 ] 127.0.0.1 /User/getContent.html
INFO: [ app_begin ] --START--
INFO: Run Behavior\ReadHtmlCacheBehavior [ RunTime:0.000714s ]
INFO: [ app_begin ] --END-- [ RunTime:0.001164s ]
SQL: SELECT * FROM `oa_user` LIMIT 0,1   [ RunTime:0.0007s ]
ERR: 模板不存在:./application/Admin/View/User/getContent.html

[ 2016-12-22T19:48:36+08:00 ] 127.0.0.1 /User/getContent.html
INFO: [ app_begin ] --START--
INFO: Run Behavior\ReadHtmlCacheBehavior [ RunTime:0.000562s ]
INFO: [ app_begin ] --END-- [ RunTime:0.001118s ]
SQL: SELECT * FROM `oa_user` LIMIT 1,1   [ RunTime:0.0007s ]
ERR: 模板不存在:./application/Admin/View/User/getContent.html

[ 2016-12-22T19:48:37+08:00 ] 127.0.0.1 /User/getContent.html
INFO: [ app_begin ] --START--
INFO: Run Behavior\ReadHtmlCacheBehavior [ RunTime:0.000760s ]
INFO: [ app_begin ] --END-- [ RunTime:0.001229s ]
SQL: SELECT * FROM `oa_user` LIMIT 2,1   [ RunTime:0.0007s ]
ERR: 模板不存在:./application/Admin/View/User/getContent.html

[ 2016-12-22T19:48:38+08:00 ] 127.0.0.1 /User/getContent.html
INFO: [ app_begin ] --START--
INFO: Run Behavior\ReadHtmlCacheBehavior [ RunTime:0.000914s ]
INFO: [ app_begin ] --END-- [ RunTime:0.001556s ]
SQL: SELECT * FROM `oa_user` LIMIT 3,1   [ RunTime:0.0007s ]
ERR: 模板不存在:./application/Admin/View/User/getContent.html

[ 2016-12-22T19:48:39+08:00 ] 127.0.0.1 /User/getContent.html
INFO: [ app_begin ] --START--
INFO: Run Behavior\ReadHtmlCacheBehavior [ RunTime:0.000786s ]
INFO: [ app_begin ] --END-- [ RunTime:0.001416s ]
SQL: SELECT * FROM `oa_user` LIMIT 1,1   [ RunTime:0.0007s ]
ERR: 模板不存在:./application/Admin/View/User/getContent.html

[ 2016-12-22T19:48:43+08:00 ] 127.0.0.1 /User/getContent.html
INFO: [ app_begin ] --START--
INFO: Run Behavior\ReadHtmlCacheBehavior [ RunTime:0.000487s ]
INFO: [ app_begin ] --END-- [ RunTime:0.000825s ]
SQL: SELECT * FROM `oa_user` LIMIT 1,1   [ RunTime:0.0008s ]
ERR: 模板不存在:./application/Admin/View/User/getContent.html

[ 2016-12-22T19:52:30+08:00 ] 127.0.0.1 /User/getContent.html
INFO: [ app_begin ] --START--
INFO: Run Behavior\ReadHtmlCacheBehavior [ RunTime:0.000425s ]
INFO: [ app_begin ] --END-- [ RunTime:0.000691s ]
SQL: SELECT * FROM `oa_user` LIMIT 1,1   [ RunTime:0.0007s ]
ERR: 模板不存在:./application/Admin/View/User/getContent.html

[ 2016-12-22T19:52:31+08:00 ] 127.0.0.1 /User/getContent.html
INFO: [ app_begin ] --START--
INFO: Run Behavior\ReadHtmlCacheBehavior [ RunTime:0.001159s ]
INFO: [ app_begin ] --END-- [ RunTime:0.001631s ]
SQL: SELECT * FROM `oa_user` LIMIT 2,1   [ RunTime:0.0004s ]
ERR: 模板不存在:./application/Admin/View/User/getContent.html

[ 2016-12-22T19:52:32+08:00 ] 127.0.0.1 /User/getContent.html
INFO: [ app_begin ] --START--
INFO: Run Behavior\ReadHtmlCacheBehavior [ RunTime:0.000383s ]
INFO: [ app_begin ] --END-- [ RunTime:0.000670s ]
SQL: SELECT * FROM `oa_user` LIMIT 3,1   [ RunTime:0.0006s ]
ERR: 模板不存在:./application/Admin/View/User/getContent.html

[ 2016-12-22T19:52:33+08:00 ] 127.0.0.1 /User/getContent.html
INFO: [ app_begin ] --START--
INFO: Run Behavior\ReadHtmlCacheBehavior [ RunTime:0.000507s ]
INFO: [ app_begin ] --END-- [ RunTime:0.000845s ]
SQL: SELECT * FROM `oa_user` LIMIT 0,1   [ RunTime:0.0007s ]
ERR: 模板不存在:./application/Admin/View/User/getContent.html

[ 2016-12-22T19:52:53+08:00 ] 127.0.0.1 /User/getContent.html
INFO: [ app_begin ] --START--
INFO: Run Behavior\ReadHtmlCacheBehavior [ RunTime:0.000397s ]
INFO: [ app_begin ] --END-- [ RunTime:0.000675s ]

[ 2016-12-22T19:54:27+08:00 ] 127.0.0.1 /User/getContent.html
INFO: [ app_begin ] --START--
INFO: Run Behavior\ReadHtmlCacheBehavior [ RunTime:0.000476s ]
INFO: [ app_begin ] --END-- [ RunTime:0.000805s ]

[ 2016-12-22T19:54:30+08:00 ] 127.0.0.1 /User/getContent.html
INFO: [ app_begin ] --START--
INFO: Run Behavior\ReadHtmlCacheBehavior [ RunTime:0.000389s ]
INFO: [ app_begin ] --END-- [ RunTime:0.000647s ]

[ 2016-12-22T19:56:12+08:00 ] 127.0.0.1 /User/getContent.html
INFO: [ app_begin ] --START--
INFO: Run Behavior\ReadHtmlCacheBehavior [ RunTime:0.000485s ]
INFO: [ app_begin ] --END-- [ RunTime:0.000834s ]
SQL: SELECT * FROM `oa_user` LIMIT 1,1   [ RunTime:0.0005s ]
ERR: 模板不存在:./application/Admin/View/User/getContent.html

[ 2016-12-22T19:56:13+08:00 ] 127.0.0.1 /User/getContent.html
INFO: [ app_begin ] --START--
INFO: Run Behavior\ReadHtmlCacheBehavior [ RunTime:0.000833s ]
INFO: [ app_begin ] --END-- [ RunTime:0.001405s ]
SQL: SELECT * FROM `oa_user` LIMIT 0,1   [ RunTime:0.0004s ]
ERR: 模板不存在:./application/Admin/View/User/getContent.html

[ 2016-12-22T19:56:14+08:00 ] 127.0.0.1 /User/getContent.html
INFO: [ app_begin ] --START--
INFO: Run Behavior\ReadHtmlCacheBehavior [ RunTime:0.000623s ]
INFO: [ app_begin ] --END-- [ RunTime:0.000999s ]
SQL: SELECT * FROM `oa_user` LIMIT 2,1   [ RunTime:0.0007s ]
ERR: 模板不存在:./application/Admin/View/User/getContent.html

[ 2016-12-22T19:56:16+08:00 ] 127.0.0.1 /User/getContent.html
INFO: [ app_begin ] --START--
INFO: Run Behavior\ReadHtmlCacheBehavior [ RunTime:0.000412s ]
INFO: [ app_begin ] --END-- [ RunTime:0.000695s ]
SQL: SELECT * FROM `oa_user` LIMIT 3,1   [ RunTime:0.0007s ]
ERR: 模板不存在:./application/Admin/View/User/getContent.html

[ 2016-12-22T19:56:17+08:00 ] 127.0.0.1 /User/getContent.html
INFO: [ app_begin ] --START--
INFO: Run Behavior\ReadHtmlCacheBehavior [ RunTime:0.000695s ]
INFO: [ app_begin ] --END-- [ RunTime:0.001232s ]
SQL: SELECT * FROM `oa_user` LIMIT 4,1   [ RunTime:0.0007s ]
ERR: 模板不存在:./application/Admin/View/User/getContent.html

[ 2016-12-22T19:56:18+08:00 ] 127.0.0.1 /User/getContent.html
INFO: [ app_begin ] --START--
INFO: Run Behavior\ReadHtmlCacheBehavior [ RunTime:0.000605s ]
INFO: [ app_begin ] --END-- [ RunTime:0.001026s ]
SQL: SELECT * FROM `oa_user` LIMIT 5,1   [ RunTime:0.0023s ]
ERR: 模板不存在:./application/Admin/View/User/getContent.html

[ 2016-12-22T19:56:19+08:00 ] 127.0.0.1 /User/getContent.html
INFO: [ app_begin ] --START--
INFO: Run Behavior\ReadHtmlCacheBehavior [ RunTime:0.000743s ]
INFO: [ app_begin ] --END-- [ RunTime:0.001209s ]
SQL: SELECT * FROM `oa_user` LIMIT 0,1   [ RunTime:0.0009s ]
ERR: 模板不存在:./application/Admin/View/User/getContent.html

[ 2016-12-22T19:56:20+08:00 ] 127.0.0.1 /User/getContent.html
INFO: [ app_begin ] --START--
INFO: Run Behavior\ReadHtmlCacheBehavior [ RunTime:0.000655s ]
INFO: [ app_begin ] --END-- [ RunTime:0.001105s ]
SQL: SELECT * FROM `oa_user` LIMIT 1,1   [ RunTime:0.0007s ]
ERR: 模板不存在:./application/Admin/View/User/getContent.html

[ 2016-12-22T19:56:24+08:00 ] 127.0.0.1 /User/getContent.html
INFO: [ app_begin ] --START--
INFO: Run Behavior\ReadHtmlCacheBehavior [ RunTime:0.000382s ]
INFO: [ app_begin ] --END-- [ RunTime:0.000647s ]
SQL: SELECT * FROM `oa_user` LIMIT 2,1   [ RunTime:0.0006s ]
ERR: 模板不存在:./application/Admin/View/User/getContent.html

[ 2016-12-22T19:56:42+08:00 ] 127.0.0.1 /User/getContent.html
INFO: [ app_begin ] --START--
INFO: Run Behavior\ReadHtmlCacheBehavior [ RunTime:0.000372s ]
INFO: [ app_begin ] --END-- [ RunTime:0.000630s ]

[ 2016-12-22T19:57:32+08:00 ] 127.0.0.1 /User/getContent.html
INFO: [ app_begin ] --START--
INFO: Run Behavior\ReadHtmlCacheBehavior [ RunTime:0.000480s ]
INFO: [ app_begin ] --END-- [ RunTime:0.000806s ]

[ 2016-12-22T19:57:41+08:00 ] 127.0.0.1 /User/getContent.html
INFO: [ app_begin ] --START--
INFO: Run Behavior\ReadHtmlCacheBehavior [ RunTime:0.000571s ]
INFO: [ app_begin ] --END-- [ RunTime:0.001125s ]
SQL: SELECT * FROM `oa_user` LIMIT 2,1   [ RunTime:0.0014s ]
ERR: 模板不存在:./application/Admin/View/User/getContent.html

[ 2016-12-22T19:59:25+08:00 ] 127.0.0.1 /User/getContent.html
INFO: [ app_begin ] --START--
INFO: Run Behavior\ReadHtmlCacheBehavior [ RunTime:0.000436s ]
INFO: [ app_begin ] --END-- [ RunTime:0.000754s ]
SQL: SELECT * FROM `oa_user` LIMIT 2,1   [ RunTime:0.0007s ]
ERR: 模板不存在:./application/Admin/View/User/getContent.html

[ 2016-12-22T19:59:26+08:00 ] 127.0.0.1 /User/getContent.html
INFO: [ app_begin ] --START--
INFO: Run Behavior\ReadHtmlCacheBehavior [ RunTime:0.000924s ]
INFO: [ app_begin ] --END-- [ RunTime:0.001489s ]
SQL: SELECT * FROM `oa_user` LIMIT 1,1   [ RunTime:0.0007s ]
ERR: 模板不存在:./application/Admin/View/User/getContent.html

[ 2016-12-22T19:59:27+08:00 ] 127.0.0.1 /User/getContent.html
INFO: [ app_begin ] --START--
INFO: Run Behavior\ReadHtmlCacheBehavior [ RunTime:0.000596s ]
INFO: [ app_begin ] --END-- [ RunTime:0.001009s ]
SQL: SELECT * FROM `oa_user` LIMIT 3,1   [ RunTime:0.0006s ]
ERR: 模板不存在:./application/Admin/View/User/getContent.html

[ 2016-12-22T19:59:28+08:00 ] 127.0.0.1 /User/getContent.html
INFO: [ app_begin ] --START--
INFO: Run Behavior\ReadHtmlCacheBehavior [ RunTime:0.000771s ]
INFO: [ app_begin ] --END-- [ RunTime:0.001301s ]
SQL: SELECT * FROM `oa_user` LIMIT 2,1   [ RunTime:0.0007s ]
ERR: 模板不存在:./application/Admin/View/User/getContent.html

[ 2016-12-22T19:59:29+08:00 ] 127.0.0.1 /User/getContent.html
INFO: [ app_begin ] --START--
INFO: Run Behavior\ReadHtmlCacheBehavior [ RunTime:0.000737s ]
INFO: [ app_begin ] --END-- [ RunTime:0.001244s ]
SQL: SELECT * FROM `oa_user` LIMIT 0,1   [ RunTime:0.0007s ]
ERR: 模板不存在:./application/Admin/View/User/getContent.html

[ 2016-12-22T19:59:33+08:00 ] 127.0.0.1 /User/getContent.html
INFO: [ app_begin ] --START--
INFO: Run Behavior\ReadHtmlCacheBehavior [ RunTime:0.000549s ]
INFO: [ app_begin ] --END-- [ RunTime:0.000920s ]
SQL: SELECT * FROM `oa_user` LIMIT 1,1   [ RunTime:0.0005s ]
ERR: 模板不存在:./application/Admin/View/User/getContent.html

[ 2016-12-22T19:59:35+08:00 ] 127.0.0.1 /User/getContent.html
INFO: [ app_begin ] --START--
INFO: Run Behavior\ReadHtmlCacheBehavior [ RunTime:0.000663s ]
INFO: [ app_begin ] --END-- [ RunTime:0.001205s ]
SQL: SELECT * FROM `oa_user` LIMIT 0,1   [ RunTime:0.0007s ]
ERR: 模板不存在:./application/Admin/View/User/getContent.html

[ 2016-12-22T19:59:50+08:00 ] 127.0.0.1 /User/getContent.html
INFO: [ app_begin ] --START--
INFO: Run Behavior\ReadHtmlCacheBehavior [ RunTime:0.000602s ]
INFO: [ app_begin ] --END-- [ RunTime:0.001104s ]
SQL: SELECT * FROM `oa_user` LIMIT 1,1   [ RunTime:0.0004s ]
ERR: 模板不存在:./application/Admin/View/User/getContent.html

[ 2016-12-22T20:01:09+08:00 ] 127.0.0.1 /User/getContent.html
INFO: [ app_begin ] --START--
INFO: Run Behavior\ReadHtmlCacheBehavior [ RunTime:0.000453s ]
INFO: [ app_begin ] --END-- [ RunTime:0.000955s ]

[ 2016-12-22T20:01:16+08:00 ] 127.0.0.1 /User/getContent.html
INFO: [ app_begin ] --START--
INFO: Run Behavior\ReadHtmlCacheBehavior [ RunTime:0.000409s ]
INFO: [ app_begin ] --END-- [ RunTime:0.000721s ]
SQL: SELECT * FROM `oa_user` LIMIT 1,1   [ RunTime:0.0002s ]

[ 2016-12-22T20:01:17+08:00 ] 127.0.0.1 /User/getContent.html
INFO: [ app_begin ] --START--
INFO: Run Behavior\ReadHtmlCacheBehavior [ RunTime:0.000454s ]
INFO: [ app_begin ] --END-- [ RunTime:0.000750s ]
SQL: SELECT * FROM `oa_user` LIMIT 0,1   [ RunTime:0.0005s ]

[ 2016-12-22T20:01:20+08:00 ] 127.0.0.1 /User/getContent.html
INFO: [ app_begin ] --START--
INFO: Run Behavior\ReadHtmlCacheBehavior [ RunTime:0.000659s ]
INFO: [ app_begin ] --END-- [ RunTime:0.001165s ]
SQL: SELECT * FROM `oa_user` LIMIT 1,1   [ RunTime:0.0009s ]

[ 2016-12-22T20:01:23+08:00 ] 127.0.0.1 /User/getContent.html
INFO: [ app_begin ] --START--
INFO: Run Behavior\ReadHtmlCacheBehavior [ RunTime:0.000403s ]
INFO: [ app_begin ] --END-- [ RunTime:0.000708s ]
SQL: SELECT * FROM `oa_user` LIMIT 0,1   [ RunTime:0.0007s ]

[ 2016-12-22T20:01:51+08:00 ] 127.0.0.1 /User/getContent.html
INFO: [ app_begin ] --START--
INFO: Run Behavior\ReadHtmlCacheBehavior [ RunTime:0.000414s ]
INFO: [ app_begin ] --END-- [ RunTime:0.000721s ]
SQL: SELECT * FROM `oa_user` LIMIT 1,1   [ RunTime:0.0003s ]

[ 2016-12-22T20:02:37+08:00 ] 127.0.0.1 /User/getContent.html
INFO: [ app_begin ] --START--
INFO: Run Behavior\ReadHtmlCacheBehavior [ RunTime:0.000407s ]
INFO: [ app_begin ] --END-- [ RunTime:0.000715s ]
SQL: SELECT * FROM `oa_user` LIMIT 0,1   [ RunTime:0.0006s ]

[ 2016-12-22T20:02:42+08:00 ] 127.0.0.1 /User/getContent.html
INFO: [ app_begin ] --START--
INFO: Run Behavior\ReadHtmlCacheBehavior [ RunTime:0.000736s ]
INFO: [ app_begin ] --END-- [ RunTime:0.001342s ]
SQL: SELECT * FROM `oa_user` LIMIT 3,1   [ RunTime:0.0007s ]

[ 2016-12-22T20:02:48+08:00 ] 127.0.0.1 /User/getContent.html
INFO: [ app_begin ] --START--
INFO: Run Behavior\ReadHtmlCacheBehavior [ RunTime:0.000820s ]
INFO: [ app_begin ] --END-- [ RunTime:0.001755s ]
SQL: SELECT * FROM `oa_user` LIMIT 2,1   [ RunTime:0.0007s ]

[ 2016-12-22T20:03:06+08:00 ] 127.0.0.1 /User/getContent.html
INFO: [ app_begin ] --START--
INFO: Run Behavior\ReadHtmlCacheBehavior [ RunTime:0.000877s ]
INFO: [ app_begin ] --END-- [ RunTime:0.001293s ]
SQL: SELECT * FROM `oa_user` LIMIT 0,1   [ RunTime:0.0007s ]
ERR: 模板不存在:./application/Admin/View/User/getContent.html

[ 2016-12-22T20:03:13+08:00 ] 127.0.0.1 /User/getContent.html
INFO: [ app_begin ] --START--
INFO: Run Behavior\ReadHtmlCacheBehavior [ RunTime:0.000371s ]
INFO: [ app_begin ] --END-- [ RunTime:0.000628s ]
SQL: SELECT * FROM `oa_user` LIMIT 1,1   [ RunTime:0.0007s ]
ERR: 模板不存在:./application/Admin/View/User/getContent.html

[ 2016-12-22T20:03:31+08:00 ] 127.0.0.1 /User/getContent.html
INFO: [ app_begin ] --START--
INFO: Run Behavior\ReadHtmlCacheBehavior [ RunTime:0.000394s ]
INFO: [ app_begin ] --END-- [ RunTime:0.000675s ]
SQL: SELECT * FROM `oa_user` LIMIT 1,1   [ RunTime:0.0008s ]

[ 2016-12-22T20:03:44+08:00 ] 127.0.0.1 /User/getContent.html
INFO: [ app_begin ] --START--
INFO: Run Behavior\ReadHtmlCacheBehavior [ RunTime:0.000505s ]
INFO: [ app_begin ] --END-- [ RunTime:0.000863s ]
SQL: SELECT * FROM `oa_user` LIMIT 1,1   [ RunTime:0.0007s ]
ERR: 模板不存在:./application/Admin/View/User/getContent.html

[ 2016-12-22T20:03:46+08:00 ] 127.0.0.1 /User/getContent.html
INFO: [ app_begin ] --START--
INFO: Run Behavior\ReadHtmlCacheBehavior [ RunTime:0.000789s ]
INFO: [ app_begin ] --END-- [ RunTime:0.001418s ]
SQL: SELECT * FROM `oa_user` LIMIT 2,1   [ RunTime:0.0008s ]
ERR: 模板不存在:./application/Admin/View/User/getContent.html

[ 2016-12-22T20:03:47+08:00 ] 127.0.0.1 /User/getContent.html
INFO: [ app_begin ] --START--
INFO: Run Behavior\ReadHtmlCacheBehavior [ RunTime:0.000665s ]
INFO: [ app_begin ] --END-- [ RunTime:0.001126s ]
SQL: SELECT * FROM `oa_user` LIMIT 3,1   [ RunTime:0.0008s ]
ERR: 模板不存在:./application/Admin/View/User/getContent.html

[ 2016-12-22T20:03:48+08:00 ] 127.0.0.1 /User/getContent.html
INFO: [ app_begin ] --START--
INFO: Run Behavior\ReadHtmlCacheBehavior [ RunTime:0.000594s ]
INFO: [ app_begin ] --END-- [ RunTime:0.000968s ]
SQL: SELECT * FROM `oa_user` LIMIT 1,1   [ RunTime:0.0008s ]
ERR: 模板不存在:./application/Admin/View/User/getContent.html

[ 2016-12-22T20:03:50+08:00 ] 127.0.0.1 /User/getContent.html
INFO: [ app_begin ] --START--
INFO: Run Behavior\ReadHtmlCacheBehavior [ RunTime:0.001030s ]
INFO: [ app_begin ] --END-- [ RunTime:0.001642s ]
SQL: SELECT * FROM `oa_user` LIMIT 0,1   [ RunTime:0.0006s ]
ERR: 模板不存在:./application/Admin/View/User/getContent.html

[ 2016-12-22T20:04:36+08:00 ] 127.0.0.1 /User/getContent.html
INFO: [ app_begin ] --START--
INFO: Run Behavior\ReadHtmlCacheBehavior [ RunTime:0.000375s ]
INFO: [ app_begin ] --END-- [ RunTime:0.000659s ]
SQL: SELECT * FROM `oa_user` LIMIT 2,1   [ RunTime:0.0007s ]

[ 2016-12-22T20:05:20+08:00 ] 127.0.0.1 /User/getContent.html
INFO: [ app_begin ] --START--
INFO: Run Behavior\ReadHtmlCacheBehavior [ RunTime:0.000369s ]
INFO: [ app_begin ] --END-- [ RunTime:0.000633s ]
SQL: SELECT * FROM `oa_user` LIMIT 1,1   [ RunTime:0.0007s ]
ERR: 模板不存在:./application/Admin/View/User/getContent.html

[ 2016-12-22T20:06:24+08:00 ] 127.0.0.1 /User/getContent.html
INFO: [ app_begin ] --START--
INFO: Run Behavior\ReadHtmlCacheBehavior [ RunTime:0.000423s ]
INFO: [ app_begin ] --END-- [ RunTime:0.000695s ]
SQL: SELECT * FROM `oa_user` LIMIT 1,1   [ RunTime:0.0007s ]

[ 2016-12-22T20:06:34+08:00 ] 127.0.0.1 /User/getContent.html
INFO: [ app_begin ] --START--
INFO: Run Behavior\ReadHtmlCacheBehavior [ RunTime:0.000788s ]
INFO: [ app_begin ] --END-- [ RunTime:0.001202s ]
SQL: SELECT * FROM `oa_user` LIMIT 1,1   [ RunTime:0.0006s ]
INFO: [ app_end ] --START--
INFO: Run Behavior\ShowPageTraceBehavior [ RunTime:0.001977s ]
INFO: [ app_end ] --END-- [ RunTime:0.002188s ]

[ 2016-12-22T20:06:56+08:00 ] 127.0.0.1 /User/getContent.html
INFO: [ app_begin ] --START--
INFO: Run Behavior\ReadHtmlCacheBehavior [ RunTime:0.000475s ]
INFO: [ app_begin ] --END-- [ RunTime:0.000802s ]
SQL: SELECT * FROM `oa_user` LIMIT 1,1   [ RunTime:0.0008s ]
INFO: [ app_end ] --START--
INFO: Run Behavior\ShowPageTraceBehavior [ RunTime:0.001728s ]
INFO: [ app_end ] --END-- [ RunTime:0.001925s ]

[ 2016-12-22T20:06:59+08:00 ] 127.0.0.1 /User/getContent.html
INFO: [ app_begin ] --START--
INFO: Run Behavior\ReadHtmlCacheBehavior [ RunTime:0.000380s ]
INFO: [ app_begin ] --END-- [ RunTime:0.000664s ]
SQL: SELECT * FROM `oa_user` LIMIT 2,1   [ RunTime:0.0007s ]
INFO: [ app_end ] --START--
INFO: Run Behavior\ShowPageTraceBehavior [ RunTime:0.001724s ]
INFO: [ app_end ] --END-- [ RunTime:0.001919s ]

[ 2016-12-22T20:07:01+08:00 ] 127.0.0.1 /User/getContent.html
INFO: [ app_begin ] --START--
INFO: Run Behavior\ReadHtmlCacheBehavior [ RunTime:0.000667s ]
INFO: [ app_begin ] --END-- [ RunTime:0.001209s ]
SQL: SELECT * FROM `oa_user` LIMIT 3,1   [ RunTime:0.0007s ]
INFO: [ app_end ] --START--
INFO: Run Behavior\ShowPageTraceBehavior [ RunTime:0.001777s ]
INFO: [ app_end ] --END-- [ RunTime:0.001968s ]

[ 2016-12-22T20:07:05+08:00 ] 127.0.0.1 /User/getContent.html
INFO: [ app_begin ] --START--
INFO: Run Behavior\ReadHtmlCacheBehavior [ RunTime:0.000476s ]
INFO: [ app_begin ] --END-- [ RunTime:0.000807s ]
SQL: SELECT * FROM `oa_user` LIMIT 4,1   [ RunTime:0.0007s ]
INFO: [ app_end ] --START--
INFO: Run Behavior\ShowPageTraceBehavior [ RunTime:0.001751s ]
INFO: [ app_end ] --END-- [ RunTime:0.001949s ]

[ 2016-12-22T20:07:08+08:00 ] 127.0.0.1 /User/getContent.html
INFO: [ app_begin ] --START--
INFO: Run Behavior\ReadHtmlCacheBehavior [ RunTime:0.000738s ]
INFO: [ app_begin ] --END-- [ RunTime:0.001257s ]
SQL: SELECT * FROM `oa_user` LIMIT 5,1   [ RunTime:0.0007s ]
INFO: [ app_end ] --START--
INFO: Run Behavior\ShowPageTraceBehavior [ RunTime:0.001709s ]
INFO: [ app_end ] --END-- [ RunTime:0.001908s ]

[ 2016-12-22T20:07:11+08:00 ] 127.0.0.1 /User/getContent.html
INFO: [ app_begin ] --START--
INFO: Run Behavior\ReadHtmlCacheBehavior [ RunTime:0.000628s ]
INFO: [ app_begin ] --END-- [ RunTime:0.001050s ]
SQL: SELECT * FROM `oa_user` LIMIT 0,1   [ RunTime:0.0007s ]
INFO: [ app_end ] --START--
INFO: Run Behavior\ShowPageTraceBehavior [ RunTime:0.001794s ]
INFO: [ app_end ] --END-- [ RunTime:0.002092s ]

[ 2016-12-22T20:12:33+08:00 ] 127.0.0.1 /User/getContent.html
INFO: [ app_begin ] --START--
INFO: Run Behavior\ReadHtmlCacheBehavior [ RunTime:0.001005s ]
INFO: [ app_begin ] --END-- [ RunTime:0.001273s ]
SQL: SELECT * FROM `oa_user` LIMIT 1,1   [ RunTime:0.0011s ]
SQL: SELECT COUNT(*) AS tp_count FROM `oa_user` LIMIT 1   [ RunTime:0.0005s ]
INFO: [ app_end ] --START--
INFO: Run Behavior\ShowPageTraceBehavior [ RunTime:0.001764s ]
INFO: [ app_end ] --END-- [ RunTime:0.002048s ]

[ 2016-12-22T20:12:34+08:00 ] 127.0.0.1 /User/getContent.html
INFO: [ app_begin ] --START--
INFO: Run Behavior\ReadHtmlCacheBehavior [ RunTime:0.000583s ]
INFO: [ app_begin ] --END-- [ RunTime:0.000985s ]
SQL: SELECT * FROM `oa_user` LIMIT 2,1   [ RunTime:0.0008s ]
SQL: SELECT COUNT(*) AS tp_count FROM `oa_user` LIMIT 1   [ RunTime:0.0005s ]
INFO: [ app_end ] --START--
INFO: Run Behavior\ShowPageTraceBehavior [ RunTime:0.001714s ]
INFO: [ app_end ] --END-- [ RunTime:0.001904s ]

[ 2016-12-22T20:26:43+08:00 ] 127.0.0.1 /User/getContent.html
INFO: [ app_begin ] --START--
INFO: Run Behavior\ReadHtmlCacheBehavior [ RunTime:0.000492s ]
INFO: [ app_begin ] --END-- [ RunTime:0.000847s ]
SQL: SELECT * FROM `oa_user` LIMIT 1,1   [ RunTime:0.0003s ]
INFO: [ app_end ] --START--
INFO: Run Behavior\ShowPageTraceBehavior [ RunTime:0.000823s ]
INFO: [ app_end ] --END-- [ RunTime:0.000928s ]

[ 2016-12-22T20:26:45+08:00 ] 127.0.0.1 /User/getContent.html
INFO: [ app_begin ] --START--
INFO: Run Behavior\ReadHtmlCacheBehavior [ RunTime:0.000584s ]
INFO: [ app_begin ] --END-- [ RunTime:0.000995s ]
SQL: SELECT * FROM `oa_user` LIMIT 2,1   [ RunTime:0.0007s ]
INFO: [ app_end ] --START--
INFO: Run Behavior\ShowPageTraceBehavior [ RunTime:0.002484s ]
INFO: [ app_end ] --END-- [ RunTime:0.002691s ]

[ 2016-12-22T20:26:47+08:00 ] 127.0.0.1 /User/getContent.html
INFO: [ app_begin ] --START--
INFO: Run Behavior\ReadHtmlCacheBehavior [ RunTime:0.000793s ]
INFO: [ app_begin ] --END-- [ RunTime:0.001343s ]
SQL: SELECT * FROM `oa_user` LIMIT 3,1   [ RunTime:0.0008s ]
INFO: [ app_end ] --START--
INFO: Run Behavior\ShowPageTraceBehavior [ RunTime:0.001833s ]
INFO: [ app_end ] --END-- [ RunTime:0.002038s ]

[ 2016-12-22T20:26:48+08:00 ] 127.0.0.1 /User/getContent.html
INFO: [ app_begin ] --START--
INFO: Run Behavior\ReadHtmlCacheBehavior [ RunTime:0.000598s ]
INFO: [ app_begin ] --END-- [ RunTime:0.001027s ]
SQL: SELECT * FROM `oa_user` LIMIT 4,1   [ RunTime:0.0008s ]
INFO: [ app_end ] --START--
INFO: Run Behavior\ShowPageTraceBehavior [ RunTime:0.001825s ]
INFO: [ app_end ] --END-- [ RunTime:0.002031s ]

[ 2016-12-22T20:26:51+08:00 ] 127.0.0.1 /User/getContent.html
INFO: [ app_begin ] --START--
INFO: Run Behavior\ReadHtmlCacheBehavior [ RunTime:0.000592s ]
INFO: [ app_begin ] --END-- [ RunTime:0.001011s ]
SQL: SELECT * FROM `oa_user` LIMIT 0,1   [ RunTime:0.0007s ]
INFO: [ app_end ] --START--
INFO: Run Behavior\ShowPageTraceBehavior [ RunTime:0.001962s ]
INFO: [ app_end ] --END-- [ RunTime:0.002175s ]

[ 2016-12-22T20:27:48+08:00 ] 127.0.0.1 /User/getContent.html
INFO: [ app_begin ] --START--
INFO: Run Behavior\ReadHtmlCacheBehavior [ RunTime:0.000619s ]
INFO: [ app_begin ] --END-- [ RunTime:0.001016s ]
SQL: SELECT * FROM `oa_user` LIMIT 2,2   [ RunTime:0.0012s ]
INFO: [ app_end ] --START--
INFO: Run Behavior\ShowPageTraceBehavior [ RunTime:0.001864s ]
INFO: [ app_end ] --END-- [ RunTime:0.002071s ]

[ 2016-12-22T20:27:50+08:00 ] 127.0.0.1 /User/getContent.html
INFO: [ app_begin ] --START--
INFO: Run Behavior\ReadHtmlCacheBehavior [ RunTime:0.000523s ]
INFO: [ app_begin ] --END-- [ RunTime:0.000855s ]
SQL: SELECT * FROM `oa_user` LIMIT 4,2   [ RunTime:0.0008s ]
INFO: [ app_end ] --START--
INFO: Run Behavior\ShowPageTraceBehavior [ RunTime:0.001412s ]
INFO: [ app_end ] --END-- [ RunTime:0.001569s ]

[ 2016-12-22T20:27:54+08:00 ] 127.0.0.1 /User/getContent.html
INFO: [ app_begin ] --START--
INFO: Run Behavior\ReadHtmlCacheBehavior [ RunTime:0.000489s ]
INFO: [ app_begin ] --END-- [ RunTime:0.000851s ]
SQL: SELECT * FROM `oa_user` LIMIT 0,2   [ RunTime:0.0005s ]
INFO: [ app_end ] --START--
INFO: Run Behavior\ShowPageTraceBehavior [ RunTime:0.001393s ]
INFO: [ app_end ] --END-- [ RunTime:0.001558s ]

[ 2016-12-22T20:30:02+08:00 ] 127.0.0.1 /User/getContent.html
INFO: [ app_begin ] --START--
INFO: Run Behavior\ReadHtmlCacheBehavior [ RunTime:0.000438s ]
INFO: [ app_begin ] --END-- [ RunTime:0.000756s ]
SQL: SELECT * FROM `oa_user` LIMIT 2,2   [ RunTime:0.0008s ]
INFO: [ app_end ] --START--
INFO: Run Behavior\ShowPageTraceBehavior [ RunTime:0.001723s ]
INFO: [ app_end ] --END-- [ RunTime:0.002137s ]

[ 2016-12-22T20:30:46+08:00 ] 127.0.0.1 /User/getContent.html
INFO: [ app_begin ] --START--
INFO: Run Behavior\ReadHtmlCacheBehavior [ RunTime:0.000407s ]
INFO: [ app_begin ] --END-- [ RunTime:0.000677s ]
SQL: SELECT * FROM `oa_user` LIMIT 2,2   [ RunTime:0.0007s ]
INFO: [ app_end ] --START--
INFO: Run Behavior\ShowPageTraceBehavior [ RunTime:0.001720s ]
INFO: [ app_end ] --END-- [ RunTime:0.001945s ]

[ 2016-12-22T20:30:49+08:00 ] 127.0.0.1 /User/getContent.html
INFO: [ app_begin ] --START--
INFO: Run Behavior\ReadHtmlCacheBehavior [ RunTime:0.000598s ]
INFO: [ app_begin ] --END-- [ RunTime:0.001040s ]
SQL: SELECT * FROM `oa_user` LIMIT 4,2   [ RunTime:0.0008s ]
INFO: [ app_end ] --START--
INFO: Run Behavior\ShowPageTraceBehavior [ RunTime:0.001740s ]
INFO: [ app_end ] --END-- [ RunTime:0.001935s ]

[ 2016-12-22T20:31:59+08:00 ] 127.0.0.1 /User/getContent.html
INFO: [ app_begin ] --START--
INFO: Run Behavior\ReadHtmlCacheBehavior [ RunTime:0.000757s ]
INFO: [ app_begin ] --END-- [ RunTime:0.001274s ]
SQL: SELECT * FROM `oa_user` LIMIT 2,2   [ RunTime:0.0007s ]
INFO: [ app_end ] --START--
INFO: Run Behavior\ShowPageTraceBehavior [ RunTime:0.001860s ]
INFO: [ app_end ] --END-- [ RunTime:0.002070s ]

[ 2016-12-22T20:32:32+08:00 ] 127.0.0.1 /User/getContent.html
INFO: [ app_begin ] --START--
INFO: Run Behavior\ReadHtmlCacheBehavior [ RunTime:0.000413s ]
INFO: [ app_begin ] --END-- [ RunTime:0.000708s ]
SQL: SELECT * FROM `oa_user` LIMIT 2,2   [ RunTime:0.0008s ]
INFO: [ app_end ] --START--
INFO: Run Behavior\ShowPageTraceBehavior [ RunTime:0.001791s ]
INFO: [ app_end ] --END-- [ RunTime:0.001983s ]

[ 2016-12-22T20:32:33+08:00 ] 127.0.0.1 /User/getContent.html
INFO: [ app_begin ] --START--
INFO: Run Behavior\ReadHtmlCacheBehavior [ RunTime:0.000660s ]
INFO: [ app_begin ] --END-- [ RunTime:0.001115s ]
SQL: SELECT * FROM `oa_user` LIMIT 4,2   [ RunTime:0.0007s ]
INFO: [ app_end ] --START--
INFO: Run Behavior\ShowPageTraceBehavior [ RunTime:0.001735s ]
INFO: [ app_end ] --END-- [ RunTime:0.001924s ]

[ 2016-12-22T20:32:44+08:00 ] 127.0.0.1 /User/getContent.html
INFO: [ app_begin ] --START--
INFO: Run Behavior\ReadHtmlCacheBehavior [ RunTime:0.000432s ]
INFO: [ app_begin ] --END-- [ RunTime:0.000737s ]
SQL: SELECT * FROM `oa_user` LIMIT 4,4   [ RunTime:0.0013s ]
INFO: [ app_end ] --START--
INFO: Run Behavior\ShowPageTraceBehavior [ RunTime:0.001784s ]
INFO: [ app_end ] --END-- [ RunTime:0.001979s ]

[ 2016-12-22T22:26:29+08:00 ] 127.0.0.1 /User/addOk.html
ERR: 1292:Incorrect date value: '' for column 'user_birthday' at row 1
 [ SQL语句 ] : INSERT INTO `oa_user` (`user_name`,`user_nickname`,`user_password`,`user_dept`,`user_sex`,`user_birthday`,`user_tel`,`user_email`,`user_ctime`) VALUES ('','33','d41d8cd98f00b204e9800998ecf8427e','10','男','','','','2016-12-22 22:26:29')

[ 2016-12-22T22:27:17+08:00 ] 127.0.0.1 /User/addOk.html
ERR: 1292:Incorrect date value: '' for column 'user_birthday' at row 1
 [ SQL语句 ] : INSERT INTO `oa_user` (`user_name`,`user_nickname`,`user_password`,`user_dept`,`user_sex`,`user_birthday`,`user_tel`,`user_email`,`user_ctime`) VALUES ('','33','d41d8cd98f00b204e9800998ecf8427e','10','男','','','','2016-12-22 22:27:17')

[ 2016-12-22T22:32:29+08:00 ] 127.0.0.1 /User/getContent.html
INFO: [ app_begin ] --START--
INFO: Run Behavior\ReadHtmlCacheBehavior [ RunTime:0.000394s ]
INFO: [ app_begin ] --END-- [ RunTime:0.000687s ]
SQL: SELECT * FROM `oa_user` LIMIT 4,4   [ RunTime:0.0011s ]
INFO: [ view_parse ] --START--
INFO: [ template_filter ] --START--
INFO: Run Behavior\ContentReplaceBehavior [ RunTime:0.000094s ]
INFO: [ template_filter ] --END-- [ RunTime:0.000192s ]
INFO: Run Behavior\ParseTemplateBehavior [ RunTime:0.017840s ]
INFO: [ view_parse ] --END-- [ RunTime:0.017982s ]
INFO: [ view_filter ] --START--
INFO: Run Behavior\WriteHtmlCacheBehavior [ RunTime:0.000324s ]
INFO: [ view_filter ] --END-- [ RunTime:0.000400s ]
INFO: [ app_end ] --START--
INFO: Run Behavior\ShowPageTraceBehavior [ RunTime:0.000668s ]
INFO: [ app_end ] --END-- [ RunTime:0.000743s ]

[ 2016-12-22T22:32:30+08:00 ] 127.0.0.1 /User/getContent.html
INFO: [ app_begin ] --START--
INFO: Run Behavior\ReadHtmlCacheBehavior [ RunTime:0.000368s ]
INFO: [ app_begin ] --END-- [ RunTime:0.000725s ]
SQL: SELECT * FROM `oa_user` LIMIT 0,4   [ RunTime:0.0008s ]
INFO: [ view_parse ] --START--
INFO: [ template_filter ] --START--
INFO: Run Behavior\ContentReplaceBehavior [ RunTime:0.000195s ]
INFO: [ template_filter ] --END-- [ RunTime:0.000397s ]
INFO: Run Behavior\ParseTemplateBehavior [ RunTime:0.023416s ]
INFO: [ view_parse ] --END-- [ RunTime:0.023632s ]
INFO: [ view_filter ] --START--
INFO: Run Behavior\WriteHtmlCacheBehavior [ RunTime:0.000732s ]
INFO: [ view_filter ] --END-- [ RunTime:0.000891s ]
INFO: [ app_end ] --START--
INFO: Run Behavior\ShowPageTraceBehavior [ RunTime:0.001489s ]
INFO: [ app_end ] --END-- [ RunTime:0.001661s ]

[ 2016-12-22T22:32:32+08:00 ] 127.0.0.1 /User/getContent.html
INFO: [ app_begin ] --START--
INFO: Run Behavior\ReadHtmlCacheBehavior [ RunTime:0.000718s ]
INFO: [ app_begin ] --END-- [ RunTime:0.001226s ]
SQL: SELECT * FROM `oa_user` LIMIT 4,4   [ RunTime:0.0007s ]
INFO: [ view_parse ] --START--
INFO: [ template_filter ] --START--
INFO: Run Behavior\ContentReplaceBehavior [ RunTime:0.000102s ]
INFO: [ template_filter ] --END-- [ RunTime:0.000205s ]
INFO: Run Behavior\ParseTemplateBehavior [ RunTime:0.017478s ]
INFO: [ view_parse ] --END-- [ RunTime:0.017632s ]
INFO: [ view_filter ] --START--
INFO: Run Behavior\WriteHtmlCacheBehavior [ RunTime:0.000391s ]
INFO: [ view_filter ] --END-- [ RunTime:0.000473s ]
INFO: [ app_end ] --START--
INFO: Run Behavior\ShowPageTraceBehavior [ RunTime:0.000750s ]
INFO: [ app_end ] --END-- [ RunTime:0.000833s ]

[ 2016-12-22T22:34:50+08:00 ] 127.0.0.1 /User/getContent.html
INFO: [ app_begin ] --START--
INFO: Run Behavior\ReadHtmlCacheBehavior [ RunTime:0.000393s ]
INFO: [ app_begin ] --END-- [ RunTime:0.000664s ]
SQL: SELECT * FROM `oa_user` LIMIT 2,2   [ RunTime:0.0012s ]
INFO: [ view_parse ] --START--
INFO: [ template_filter ] --START--
INFO: Run Behavior\ContentReplaceBehavior [ RunTime:0.000122s ]
INFO: [ template_filter ] --END-- [ RunTime:0.000249s ]
INFO: Run Behavior\ParseTemplateBehavior [ RunTime:0.020902s ]
INFO: [ view_parse ] --END-- [ RunTime:0.021057s ]
INFO: [ view_filter ] --START--
INFO: Run Behavior\WriteHtmlCacheBehavior [ RunTime:0.000405s ]
INFO: [ view_filter ] --END-- [ RunTime:0.000495s ]
INFO: [ app_end ] --START--
INFO: Run Behavior\ShowPageTraceBehavior [ RunTime:0.000847s ]
INFO: [ app_end ] --END-- [ RunTime:0.000944s ]

[ 2016-12-22T22:34:52+08:00 ] 127.0.0.1 /User/getContent.html
INFO: [ app_begin ] --START--
INFO: Run Behavior\ReadHtmlCacheBehavior [ RunTime:0.000473s ]
INFO: [ app_begin ] --END-- [ RunTime:0.001005s ]
SQL: SELECT * FROM `oa_user` LIMIT 4,2   [ RunTime:0.0013s ]
INFO: [ view_parse ] --START--
INFO: [ template_filter ] --START--
INFO: Run Behavior\ContentReplaceBehavior [ RunTime:0.000161s ]
INFO: [ template_filter ] --END-- [ RunTime:0.000321s ]
INFO: Run Behavior\ParseTemplateBehavior [ RunTime:0.021121s ]
INFO: [ view_parse ] --END-- [ RunTime:0.021287s ]
INFO: [ view_filter ] --START--
INFO: Run Behavior\WriteHtmlCacheBehavior [ RunTime:0.000547s ]
INFO: [ view_filter ] --END-- [ RunTime:0.000673s ]
INFO: [ app_end ] --START--
INFO: Run Behavior\ShowPageTraceBehavior [ RunTime:0.001182s ]
INFO: [ app_end ] --END-- [ RunTime:0.001319s ]

[ 2016-12-22T22:34:55+08:00 ] 127.0.0.1 /User/getContent.html
INFO: [ app_begin ] --START--
INFO: Run Behavior\ReadHtmlCacheBehavior [ RunTime:0.000647s ]
INFO: [ app_begin ] --END-- [ RunTime:0.001110s ]
SQL: SELECT * FROM `oa_user` LIMIT 0,2   [ RunTime:0.0008s ]
INFO: [ view_parse ] --START--
INFO: [ template_filter ] --START--
INFO: Run Behavior\ContentReplaceBehavior [ RunTime:0.000115s ]
INFO: [ template_filter ] --END-- [ RunTime:0.000231s ]
INFO: Run Behavior\ParseTemplateBehavior [ RunTime:0.019171s ]
INFO: [ view_parse ] --END-- [ RunTime:0.019318s ]
INFO: [ view_filter ] --START--
INFO: Run Behavior\WriteHtmlCacheBehavior [ RunTime:0.000397s ]
INFO: [ view_filter ] --END-- [ RunTime:0.000487s ]
INFO: [ app_end ] --START--
INFO: Run Behavior\ShowPageTraceBehavior [ RunTime:0.000844s ]
INFO: [ app_end ] --END-- [ RunTime:0.000945s ]

[ 2016-12-22T22:35:03+08:00 ] 127.0.0.1 /User/getContent.html
INFO: [ app_begin ] --START--
INFO: Run Behavior\ReadHtmlCacheBehavior [ RunTime:0.000390s ]
INFO: [ app_begin ] --END-- [ RunTime:0.000659s ]
SQL: SELECT * FROM `oa_user` LIMIT 1,1   [ RunTime:0.0012s ]
INFO: [ view_parse ] --START--
INFO: [ template_filter ] --START--
INFO: Run Behavior\ContentReplaceBehavior [ RunTime:0.000201s ]
INFO: [ template_filter ] --END-- [ RunTime:0.000411s ]
INFO: Run Behavior\ParseTemplateBehavior [ RunTime:0.022658s ]
INFO: [ view_parse ] --END-- [ RunTime:0.022858s ]
INFO: [ view_filter ] --START--
INFO: Run Behavior\WriteHtmlCacheBehavior [ RunTime:0.000740s ]
INFO: [ view_filter ] --END-- [ RunTime:0.000897s ]
INFO: [ app_end ] --START--
INFO: Run Behavior\ShowPageTraceBehavior [ RunTime:0.001491s ]
INFO: [ app_end ] --END-- [ RunTime:0.001663s ]

[ 2016-12-22T22:35:05+08:00 ] 127.0.0.1 /User/getContent.html
INFO: [ app_begin ] --START--
INFO: Run Behavior\ReadHtmlCacheBehavior [ RunTime:0.000465s ]
INFO: [ app_begin ] --END-- [ RunTime:0.000784s ]
SQL: SELECT * FROM `oa_user` LIMIT 0,1   [ RunTime:0.0011s ]
INFO: [ view_parse ] --START--
INFO: [ template_filter ] --START--
INFO: Run Behavior\ContentReplaceBehavior [ RunTime:0.000198s ]
INFO: [ template_filter ] --END-- [ RunTime:0.000392s ]
INFO: Run Behavior\ParseTemplateBehavior [ RunTime:0.022407s ]
INFO: [ view_parse ] --END-- [ RunTime:0.022612s ]
INFO: [ view_filter ] --START--
INFO: Run Behavior\WriteHtmlCacheBehavior [ RunTime:0.000702s ]
INFO: [ view_filter ] --END-- [ RunTime:0.000861s ]
INFO: [ app_end ] --START--
INFO: Run Behavior\ShowPageTraceBehavior [ RunTime:0.001552s ]
INFO: [ app_end ] --END-- [ RunTime:0.001730s ]

